<?xml version="1.0" encoding= "UTF-8" ?>
<coverage line-rate="0.8129097327281896" branch-rate="0.7333333333333333" complexity="492.0" timestamp="1673989500">
   <sources>
      <source>.</source>
   </sources>
   <packages>
      <package line-rate="1.0" branch-rate="1.0" complexity="97.0" name="com/ancestry/search/services/displaymetadata/contracts">
         <classes>
            <class line-rate="1.0" branch-rate="0.0" complexity="6.0" name="com/ancestry/search/services/displaymetadata/contracts/DisplayViewType" filename="com/ancestry/search/services/displaymetadata/contracts/DisplayViewType.java">
               <methods>
                  <method line-rate="1.0" branch-rate="0.0" complexity="1.0" name="&lt;init&gt;" signature="(Ljava/lang/String;II)V">
                     <lines>
                        <line number="105" hits="1" branch="false"/>
                        <line number="106" hits="1" branch="false"/>
                        <line number="107" hits="1" branch="false"/>
                     </lines>
                  </method>
                  <method line-rate="1.0" branch-rate="0.0" complexity="1.0" name="fromValue" signature="(I)Lcom/ancestry/search/services/displaymetadata/contracts/DisplayViewType;">
                     <lines>
                        <line number="110" hits="1" branch="false"/>
                        <line number="111" hits="1" branch="false"/>
                     </lines>
                  </method>
                  <method line-rate="1.0" branch-rate="0.0" complexity="1.0" name="getValue" signature="()I">
                     <lines>
                        <line number="118" hits="1" branch="false"/>
                     </lines>
                  </method>
                  <method line-rate="1.0" branch-rate="0.0" complexity="1.0" name="lambda$fromValue$1" signature="(I)Lcom/ancestry/search/services/displaymetadata/contracts/DisplayFieldException;">
                     <lines>
                        <line number="113" hits="1" branch="false"/>
                        <line number="114" hits="1" branch="false"/>
                     </lines>
                  </method>
                  <method line-rate="1.0" branch-rate="0.0" complexity="1.0" name="lambda$static$0" signature="(Lcom/ancestry/search/services/displaymetadata/contracts/DisplayViewType;)Ljava/lang/Integer;">
                     <lines>
                        <line number="101" hits="1" branch="false"/>
                     </lines>
                  </method>
                  <method line-rate="1.0" branch-rate="0.0" complexity="1.0" name="&lt;clinit&gt;" signature="()V">
                     <lines>
                        <line number="13" hits="1" branch="false"/>
                        <line number="17" hits="1" branch="false"/>
                        <line number="22" hits="1" branch="false"/>
                        <line number="31" hits="1" branch="false"/>
                        <line number="39" hits="1" branch="false"/>
                        <line number="46" hits="1" branch="false"/>
                        <line number="52" hits="1" branch="false"/>
                        <line number="57" hits="1" branch="false"/>
                        <line number="64" hits="1" branch="false"/>
                        <line number="70" hits="1" branch="false"/>
                        <line number="76" hits="1" branch="false"/>
                        <line number="83" hits="1" branch="false"/>
                        <line number="90" hits="1" branch="false"/>
                        <line number="97" hits="1" branch="false"/>
                        <line number="99" hits="1" branch="false"/>
                        <line number="100" hits="1" branch="false"/>
                     </lines>
                  </method>
               </methods>
            </class>
            <class line-rate="1.0" branch-rate="0.0" complexity="7.0" name="com/ancestry/search/services/displaymetadata/contracts/FieldType" filename="com/ancestry/search/services/displaymetadata/contracts/FieldType.java">
               <methods>
                  <method line-rate="1.0" branch-rate="0.0" complexity="1.0" name="&lt;init&gt;" signature="(Ljava/lang/String;IILjava/lang/String;)V">
                     <lines>
                        <line number="337" hits="1" branch="false"/>
                        <line number="338" hits="1" branch="false"/>
                        <line number="339" hits="1" branch="false"/>
                        <line number="340" hits="1" branch="false"/>
                     </lines>
                  </method>
                  <method line-rate="1.0" branch-rate="0.0" complexity="1.0" name="fromValue" signature="(I)Lcom/ancestry/search/services/displaymetadata/contracts/FieldType;">
                     <lines>
                        <line number="343" hits="1" branch="false"/>
                        <line number="344" hits="1" branch="false"/>
                     </lines>
                  </method>
                  <method line-rate="1.0" branch-rate="0.0" complexity="1.0" name="getValue" signature="()I">
                     <lines>
                        <line number="352" hits="1" branch="false"/>
                     </lines>
                  </method>
                  <method line-rate="1.0" branch-rate="0.0" complexity="1.0" name="toString" signature="()Ljava/lang/String;">
                     <lines>
                        <line number="357" hits="1" branch="false"/>
                     </lines>
                  </method>
                  <method line-rate="1.0" branch-rate="0.0" complexity="1.0" name="lambda$fromValue$1" signature="(I)Lcom/ancestry/search/services/displaymetadata/contracts/DisplayFieldException;">
                     <lines>
                        <line number="346" hits="1" branch="false"/>
                        <line number="347" hits="1" branch="false"/>
                     </lines>
                  </method>
                  <method line-rate="1.0" branch-rate="0.0" complexity="1.0" name="lambda$static$0" signature="(Lcom/ancestry/search/services/displaymetadata/contracts/FieldType;)Ljava/lang/Integer;">
                     <lines>
                        <line number="332" hits="1" branch="false"/>
                     </lines>
                  </method>
                  <method line-rate="1.0" branch-rate="0.0" complexity="1.0" name="&lt;clinit&gt;" signature="()V">
                     <lines>
                        <line number="13" hits="1" branch="false"/>
                        <line number="17" hits="1" branch="false"/>
                        <line number="22" hits="1" branch="false"/>
                        <line number="27" hits="1" branch="false"/>
                        <line number="32" hits="1" branch="false"/>
                        <line number="37" hits="1" branch="false"/>
                        <line number="42" hits="1" branch="false"/>
                        <line number="47" hits="1" branch="false"/>
                        <line number="52" hits="1" branch="false"/>
                        <line number="57" hits="1" branch="false"/>
                        <line number="62" hits="1" branch="false"/>
                        <line number="67" hits="1" branch="false"/>
                        <line number="72" hits="1" branch="false"/>
                        <line number="77" hits="1" branch="false"/>
                        <line number="82" hits="1" branch="false"/>
                        <line number="88" hits="1" branch="false"/>
                        <line number="93" hits="1" branch="false"/>
                        <line number="98" hits="1" branch="false"/>
                        <line number="103" hits="1" branch="false"/>
                        <line number="109" hits="1" branch="false"/>
                        <line number="114" hits="1" branch="false"/>
                        <line number="119" hits="1" branch="false"/>
                        <line number="124" hits="1" branch="false"/>
                        <line number="129" hits="1" branch="false"/>
                        <line number="134" hits="1" branch="false"/>
                        <line number="139" hits="1" branch="false"/>
                        <line number="144" hits="1" branch="false"/>
                        <line number="149" hits="1" branch="false"/>
                        <line number="154" hits="1" branch="false"/>
                        <line number="159" hits="1" branch="false"/>
                        <line number="164" hits="1" branch="false"/>
                        <line number="169" hits="1" branch="false"/>
                        <line number="174" hits="1" branch="false"/>
                        <line number="179" hits="1" branch="false"/>
                        <line number="184" hits="1" branch="false"/>
                        <line number="189" hits="1" branch="false"/>
                        <line number="195" hits="1" branch="false"/>
                        <line number="200" hits="1" branch="false"/>
                        <line number="205" hits="1" branch="false"/>
                        <line number="210" hits="1" branch="false"/>
                        <line number="215" hits="1" branch="false"/>
                        <line number="220" hits="1" branch="false"/>
                        <line number="225" hits="1" branch="false"/>
                        <line number="231" hits="1" branch="false"/>
                        <line number="236" hits="1" branch="false"/>
                        <line number="241" hits="1" branch="false"/>
                        <line number="246" hits="1" branch="false"/>
                        <line number="251" hits="1" branch="false"/>
                        <line number="256" hits="1" branch="false"/>
                        <line number="261" hits="1" branch="false"/>
                        <line number="266" hits="1" branch="false"/>
                        <line number="271" hits="1" branch="false"/>
                        <line number="276" hits="1" branch="false"/>
                        <line number="281" hits="1" branch="false"/>
                        <line number="286" hits="1" branch="false"/>
                        <line number="292" hits="1" branch="false"/>
                        <line number="298" hits="1" branch="false"/>
                        <line number="303" hits="1" branch="false"/>
                        <line number="308" hits="1" branch="false"/>
                        <line number="313" hits="1" branch="false"/>
                        <line number="318" hits="1" branch="false"/>
                        <line number="323" hits="1" branch="false"/>
                        <line number="328" hits="1" branch="false"/>
                        <line number="330" hits="1" branch="false"/>
                        <line number="331" hits="1" branch="false"/>
                     </lines>
                  </method>
               </methods>
            </class>
            <class line-rate="1.0" branch-rate="1.0" complexity="44.0" name="com/ancestry/search/services/displaymetadata/contracts/DisplayField" filename="com/ancestry/search/services/displaymetadata/contracts/DisplayField.java">
               <methods>
                  <method line-rate="1.0" branch-rate="0.0" complexity="1.0" name="&lt;init&gt;" signature="()V">
                     <lines>
                        <line number="54" hits="1" branch="false"/>
                        <line number="55" hits="1" branch="false"/>
                        <line number="56" hits="1" branch="false"/>
                        <line number="57" hits="1" branch="false"/>
                        <line number="58" hits="1" branch="false"/>
                        <line number="59" hits="1" branch="false"/>
                        <line number="60" hits="1" branch="false"/>
                        <line number="61" hits="1" branch="false"/>
                        <line number="62" hits="1" branch="false"/>
                        <line number="63" hits="1" branch="false"/>
                        <line number="64" hits="1" branch="false"/>
                        <line number="65" hits="1" branch="false"/>
                        <line number="66" hits="1" branch="false"/>
                     </lines>
                  </method>
                  <method line-rate="1.0" branch-rate="0.0" complexity="1.0" name="&lt;init&gt;" signature="(Ljava/lang/String;Lcom/ancestry/search/services/displaymetadata/contracts/FormatFunctionType;Ljava/lang/String;ILjava/lang/String;Ljava/lang/String;Lcom/ancestry/search/services/displaymetadata/contracts/FieldType;Lcom/ancestry/search/services/displaymetadata/contracts/RelationType;Lcom/ancestry/search/services/displaymetadata/contracts/EventType;ILjava/util/List;)V">
                     <lines>
                        <line number="94" hits="1" branch="false"/>
                        <line number="95" hits="1" branch="false"/>
                        <line number="96" hits="1" branch="false"/>
                        <line number="97" hits="1" branch="false"/>
                        <line number="98" hits="1" branch="false"/>
                        <line number="99" hits="1" branch="false"/>
                        <line number="100" hits="1" branch="false"/>
                        <line number="101" hits="1" branch="false"/>
                        <line number="102" hits="1" branch="false"/>
                        <line number="103" hits="1" branch="false"/>
                        <line number="104" hits="1" branch="false"/>
                        <line number="105" hits="1" branch="false"/>
                        <line number="106" hits="1" branch="false"/>
                     </lines>
                  </method>
                  <method line-rate="1.0" branch-rate="0.0" complexity="1.0" name="getDisplayLabel" signature="()Ljava/lang/String;">
                     <lines>
                        <line number="114" hits="1" branch="false"/>
                     </lines>
                  </method>
                  <method line-rate="1.0" branch-rate="1.0" complexity="2.0" name="setDisplayLabel" signature="(Ljava/lang/String;)V">
                     <lines>
                        <line number="124" hits="1" branch="true" condition-coverage="100% (2/2)">
                           <conditions class="java.util.Collections$SingletonList">
                              <condition number="0" type="jump" coverage="100%"/>
                           </conditions>
                        </line>
                        <line number="125" hits="1" branch="false"/>
                     </lines>
                  </method>
                  <method line-rate="1.0" branch-rate="0.0" complexity="1.0" name="getDisplayFormatFunction" signature="()Lcom/ancestry/search/services/displaymetadata/contracts/FormatFunctionType;">
                     <lines>
                        <line number="133" hits="1" branch="false"/>
                        <line number="144" hits="1" branch="false"/>
                        <line number="145" hits="1" branch="false"/>
                        <line number="146" hits="1" branch="false"/>
                        <line number="147" hits="1" branch="false"/>
                        <line number="148" hits="1" branch="false"/>
                        <line number="149" hits="1" branch="false"/>
                        <line number="150" hits="1" branch="false"/>
                        <line number="151" hits="1" branch="false"/>
                     </lines>
                  </method>
                  <method line-rate="1.0" branch-rate="0.0" complexity="1.0" name="setDisplayFormatFunction" signature="(Ljava/lang/String;)V">
                     <lines>
                        <line number="144" hits="1" branch="false"/>
                        <line number="145" hits="1" branch="false"/>
                        <line number="146" hits="1" branch="false"/>
                        <line number="147" hits="1" branch="false"/>
                        <line number="148" hits="1" branch="false"/>
                        <line number="149" hits="1" branch="false"/>
                        <line number="150" hits="1" branch="false"/>
                        <line number="151" hits="1" branch="false"/>
                     </lines>
                  </method>
                  <method line-rate="1.0" branch-rate="0.0" complexity="1.0" name="setDisplayFormatFunction" signature="(I)V">
                     <lines>
                        <line number="161" hits="1" branch="false"/>
                        <line number="162" hits="1" branch="false"/>
                        <line number="163" hits="1" branch="false"/>
                        <line number="164" hits="1" branch="false"/>
                        <line number="165" hits="1" branch="false"/>
                        <line number="166" hits="1" branch="false"/>
                        <line number="167" hits="1" branch="false"/>
                        <line number="168" hits="1" branch="false"/>
                     </lines>
                  </method>
                  <method line-rate="1.0" branch-rate="0.0" complexity="1.0" name="getDisplayFormatParam" signature="()Ljava/lang/String;">
                     <lines>
                        <line number="178" hits="1" branch="false"/>
                     </lines>
                  </method>
                  <method line-rate="1.0" branch-rate="1.0" complexity="3.0" name="setDisplayFormatParam" signature="(Ljava/lang/String;)V">
                     <lines>
                        <line number="190" hits="1" branch="true" condition-coverage="100% (2/2)">
                           <conditions class="java.util.Collections$SingletonList">
                              <condition number="0" type="jump" coverage="100%"/>
                           </conditions>
                        </line>
                        <line number="191" hits="1" branch="false"/>
                        <line number="192" hits="1" branch="false"/>
                        <line number="195" hits="1" branch="false"/>
                        <line number="199" hits="1" branch="true" condition-coverage="100% (2/2)">
                           <conditions class="java.util.Collections$SingletonList">
                              <condition number="0" type="jump" coverage="100%"/>
                           </conditions>
                        </line>
                        <line number="200" hits="1" branch="false"/>
                        <line number="202" hits="1" branch="false"/>
                     </lines>
                  </method>
                  <method line-rate="1.0" branch-rate="0.0" complexity="1.0" name="getDisplayOrder" signature="()I">
                     <lines>
                        <line number="210" hits="1" branch="false"/>
                     </lines>
                  </method>
                  <method line-rate="1.0" branch-rate="0.0" complexity="1.0" name="setDisplayOrder" signature="(I)V">
                     <lines>
                        <line number="220" hits="1" branch="false"/>
                        <line number="221" hits="1" branch="false"/>
                     </lines>
                  </method>
                  <method line-rate="1.0" branch-rate="0.0" complexity="1.0" name="getFDID" signature="()Ljava/lang/String;">
                     <lines>
                        <line number="229" hits="1" branch="false"/>
                     </lines>
                  </method>
                  <method line-rate="1.0" branch-rate="1.0" complexity="3.0" name="setFDID" signature="(Ljava/lang/String;)V">
                     <lines>
                        <line number="240" hits="1" branch="true" condition-coverage="100% (2/2)">
                           <conditions class="java.util.Collections$SingletonList">
                              <condition number="0" type="jump" coverage="100%"/>
                           </conditions>
                        </line>
                        <line number="241" hits="1" branch="false"/>
                        <line number="242" hits="1" branch="false"/>
                        <line number="245" hits="1" branch="true" condition-coverage="100% (2/2)">
                           <conditions class="java.util.Collections$SingletonList">
                              <condition number="0" type="jump" coverage="100%"/>
                           </conditions>
                        </line>
                        <line number="246" hits="1" branch="false"/>
                        <line number="247" hits="1" branch="false"/>
                        <line number="248" hits="1" branch="false"/>
                        <line number="249" hits="1" branch="false"/>
                        <line number="250" hits="1" branch="false"/>
                        <line number="253" hits="1" branch="false"/>
                        <line number="254" hits="1" branch="false"/>
                     </lines>
                  </method>
                  <method line-rate="1.0" branch-rate="0.0" complexity="1.0" name="getFieldName" signature="()Ljava/lang/String;">
                     <lines>
                        <line number="262" hits="1" branch="false"/>
                     </lines>
                  </method>
                  <method line-rate="1.0" branch-rate="1.0" complexity="2.0" name="setFieldName" signature="(Ljava/lang/String;)V">
                     <lines>
                        <line number="274" hits="1" branch="true" condition-coverage="100% (2/2)">
                           <conditions class="java.util.Collections$SingletonList">
                              <condition number="0" type="jump" coverage="100%"/>
                           </conditions>
                        </line>
                        <line number="275" hits="1" branch="false"/>
                     </lines>
                  </method>
                  <method line-rate="1.0" branch-rate="1.0" complexity="2.0" name="hasFieldName" signature="()Z">
                     <lines>
                        <line number="283" hits="1" branch="true" condition-coverage="100% (2/2)">
                           <conditions class="java.util.Collections$SingletonList">
                              <condition number="0" type="jump" coverage="100%"/>
                           </conditions>
                        </line>
                     </lines>
                  </method>
                  <method line-rate="1.0" branch-rate="0.0" complexity="1.0" name="getType" signature="()Lcom/ancestry/search/services/displaymetadata/contracts/FieldType;">
                     <lines>
                        <line number="292" hits="1" branch="false"/>
                        <line number="301" hits="1" branch="false"/>
                        <line number="302" hits="1" branch="false"/>
                     </lines>
                  </method>
                  <method line-rate="1.0" branch-rate="0.0" complexity="1.0" name="setType" signature="(Lcom/ancestry/search/services/displaymetadata/contracts/FieldType;)V">
                     <lines>
                        <line number="301" hits="1" branch="false"/>
                        <line number="302" hits="1" branch="false"/>
                     </lines>
                  </method>
                  <method line-rate="1.0" branch-rate="0.0" complexity="1.0" name="setType" signature="(I)V">
                     <lines>
                        <line number="312" hits="1" branch="false"/>
                        <line number="313" hits="1" branch="false"/>
                        <line number="314" hits="1" branch="false"/>
                        <line number="315" hits="1" branch="false"/>
                        <line number="316" hits="1" branch="false"/>
                        <line number="317" hits="1" branch="false"/>
                        <line number="318" hits="1" branch="false"/>
                        <line number="319" hits="1" branch="false"/>
                     </lines>
                  </method>
                  <method line-rate="1.0" branch-rate="0.0" complexity="1.0" name="getRelation" signature="()Lcom/ancestry/search/services/displaymetadata/contracts/RelationType;">
                     <lines>
                        <line number="327" hits="1" branch="false"/>
                        <line number="336" hits="1" branch="false"/>
                        <line number="337" hits="1" branch="false"/>
                     </lines>
                  </method>
                  <method line-rate="1.0" branch-rate="0.0" complexity="1.0" name="setRelation" signature="(Lcom/ancestry/search/services/displaymetadata/contracts/RelationType;)V">
                     <lines>
                        <line number="336" hits="1" branch="false"/>
                        <line number="337" hits="1" branch="false"/>
                     </lines>
                  </method>
                  <method line-rate="1.0" branch-rate="0.0" complexity="1.0" name="setRelation" signature="(I)V">
                     <lines>
                        <line number="347" hits="1" branch="false"/>
                        <line number="348" hits="1" branch="false"/>
                        <line number="349" hits="1" branch="false"/>
                        <line number="350" hits="1" branch="false"/>
                        <line number="351" hits="1" branch="false"/>
                        <line number="352" hits="1" branch="false"/>
                        <line number="353" hits="1" branch="false"/>
                        <line number="354" hits="1" branch="false"/>
                     </lines>
                  </method>
                  <method line-rate="1.0" branch-rate="0.0" complexity="1.0" name="getEvent" signature="()Lcom/ancestry/search/services/displaymetadata/contracts/EventType;">
                     <lines>
                        <line number="362" hits="1" branch="false"/>
                        <line number="371" hits="1" branch="false"/>
                        <line number="372" hits="1" branch="false"/>
                     </lines>
                  </method>
                  <method line-rate="1.0" branch-rate="0.0" complexity="1.0" name="setEvent" signature="(Lcom/ancestry/search/services/displaymetadata/contracts/EventType;)V">
                     <lines>
                        <line number="371" hits="1" branch="false"/>
                        <line number="372" hits="1" branch="false"/>
                     </lines>
                  </method>
                  <method line-rate="1.0" branch-rate="0.0" complexity="1.0" name="setEvent" signature="(I)V">
                     <lines>
                        <line number="382" hits="1" branch="false"/>
                        <line number="383" hits="1" branch="false"/>
                        <line number="384" hits="1" branch="false"/>
                        <line number="385" hits="1" branch="false"/>
                        <line number="386" hits="1" branch="false"/>
                        <line number="387" hits="1" branch="false"/>
                        <line number="388" hits="1" branch="false"/>
                        <line number="389" hits="1" branch="false"/>
                     </lines>
                  </method>
                  <method line-rate="1.0" branch-rate="0.0" complexity="1.0" name="getFlags" signature="()I">
                     <lines>
                        <line number="397" hits="1" branch="false"/>
                     </lines>
                  </method>
                  <method line-rate="1.0" branch-rate="0.0" complexity="1.0" name="setFlags" signature="(I)V">
                     <lines>
                        <line number="407" hits="1" branch="false"/>
                        <line number="408" hits="1" branch="false"/>
                     </lines>
                  </method>
                  <method line-rate="1.0" branch-rate="0.0" complexity="1.0" name="getDisplayFieldComponents" signature="()Ljava/util/List;">
                     <lines>
                        <line number="418" hits="1" branch="false"/>
                     </lines>
                  </method>
                  <method line-rate="1.0" branch-rate="1.0" complexity="2.0" name="setDisplayFieldComponents" signature="(Ljava/util/List;)V">
                     <lines>
                        <line number="429" hits="1" branch="false"/>
                        <line number="430" hits="1" branch="true" condition-coverage="100% (2/2)">
                           <conditions class="java.util.Collections$SingletonList">
                              <condition number="0" type="jump" coverage="100%"/>
                           </conditions>
                        </line>
                        <line number="431" hits="1" branch="false"/>
                     </lines>
                  </method>
                  <method line-rate="1.0" branch-rate="1.0" complexity="2.0" name="hasDisplayFieldComponents" signature="()Z">
                     <lines>
                        <line number="439" hits="1" branch="true" condition-coverage="100% (2/2)">
                           <conditions class="java.util.Collections$SingletonList">
                              <condition number="0" type="jump" coverage="100%"/>
                           </conditions>
                        </line>
                     </lines>
                  </method>
                  <method line-rate="1.0" branch-rate="1.0" complexity="2.0" name="addDisplayFieldComponent" signature="(Lcom/ancestry/search/services/displaymetadata/contracts/DisplayField;)Z">
                     <lines>
                        <line number="450" hits="1" branch="true" condition-coverage="100% (2/2)">
                           <conditions class="java.util.Collections$SingletonList">
                              <condition number="0" type="jump" coverage="100%"/>
                           </conditions>
                        </line>
                        <line number="451" hits="1" branch="false"/>
                        <line number="454" hits="1" branch="false"/>
                     </lines>
                  </method>
                  <method line-rate="1.0" branch-rate="0.0" complexity="1.0" name="clearDisplayFieldComponents" signature="()V">
                     <lines>
                        <line number="459" hits="1" branch="false"/>
                        <line number="460" hits="1" branch="false"/>
                     </lines>
                  </method>
                  <method line-rate="1.0" branch-rate="0.0" complexity="1.0" name="toString" signature="()Ljava/lang/String;">
                     <lines>
                        <line number="464" hits="1" branch="false"/>
                        <line number="465" hits="1" branch="false"/>
                        <line number="466" hits="1" branch="false"/>
                        <line number="467" hits="1" branch="false"/>
                        <line number="468" hits="1" branch="false"/>
                        <line number="469" hits="1" branch="false"/>
                        <line number="470" hits="1" branch="false"/>
                        <line number="471" hits="1" branch="false"/>
                        <line number="472" hits="1" branch="false"/>
                        <line number="473" hits="1" branch="false"/>
                        <line number="474" hits="1" branch="false"/>
                        <line number="475" hits="1" branch="false"/>
                        <line number="476" hits="1" branch="false"/>
                     </lines>
                  </method>
                  <method line-rate="1.0" branch-rate="0.0" complexity="1.0" name="&lt;clinit&gt;" signature="()V">
                     <lines>
                        <line number="16" hits="1" branch="false"/>
                        <line number="54" hits="1" branch="false"/>
                        <line number="55" hits="1" branch="false"/>
                        <line number="56" hits="1" branch="false"/>
                        <line number="57" hits="1" branch="false"/>
                        <line number="58" hits="1" branch="false"/>
                        <line number="59" hits="1" branch="false"/>
                        <line number="60" hits="1" branch="false"/>
                        <line number="61" hits="1" branch="false"/>
                        <line number="62" hits="1" branch="false"/>
                        <line number="63" hits="1" branch="false"/>
                        <line number="64" hits="1" branch="false"/>
                        <line number="65" hits="1" branch="false"/>
                        <line number="66" hits="1" branch="false"/>
                     </lines>
                  </method>
               </methods>
            </class>
            <class line-rate="1.0" branch-rate="0.0" complexity="10.0" name="com/ancestry/search/services/displaymetadata/contracts/FormatFunctionType" filename="com/ancestry/search/services/displaymetadata/contracts/FormatFunctionType.java">
               <methods>
                  <method line-rate="1.0" branch-rate="0.0" complexity="1.0" name="&lt;init&gt;" signature="(Ljava/lang/String;IILjava/lang/String;)V">
                     <lines>
                        <line number="185" hits="1" branch="false"/>
                        <line number="186" hits="1" branch="false"/>
                        <line number="187" hits="1" branch="false"/>
                        <line number="188" hits="1" branch="false"/>
                     </lines>
                  </method>
                  <method line-rate="1.0" branch-rate="0.0" complexity="1.0" name="fromString" signature="(Ljava/lang/String;)Lcom/ancestry/search/services/displaymetadata/contracts/FormatFunctionType;">
                     <lines>
                        <line number="192" hits="1" branch="false"/>
                        <line number="193" hits="1" branch="false"/>
                     </lines>
                  </method>
                  <method line-rate="1.0" branch-rate="0.0" complexity="1.0" name="fromValue" signature="(I)Lcom/ancestry/search/services/displaymetadata/contracts/FormatFunctionType;">
                     <lines>
                        <line number="199" hits="1" branch="false"/>
                        <line number="200" hits="1" branch="false"/>
                     </lines>
                  </method>
                  <method line-rate="1.0" branch-rate="0.0" complexity="1.0" name="getValue" signature="()I">
                     <lines>
                        <line number="208" hits="1" branch="false"/>
                     </lines>
                  </method>
                  <method line-rate="1.0" branch-rate="0.0" complexity="1.0" name="toString" signature="()Ljava/lang/String;">
                     <lines>
                        <line number="213" hits="1" branch="false"/>
                     </lines>
                  </method>
                  <method line-rate="1.0" branch-rate="0.0" complexity="1.0" name="lambda$fromValue$3" signature="(I)Lcom/ancestry/search/services/displaymetadata/contracts/DisplayFieldException;">
                     <lines>
                        <line number="202" hits="1" branch="false"/>
                        <line number="203" hits="1" branch="false"/>
                     </lines>
                  </method>
                  <method line-rate="1.0" branch-rate="0.0" complexity="1.0" name="lambda$fromString$2" signature="(Ljava/lang/String;)Lcom/ancestry/search/services/displaymetadata/contracts/DisplayFieldException;">
                     <lines>
                        <line number="194" hits="1" branch="false"/>
                     </lines>
                  </method>
                  <method line-rate="1.0" branch-rate="0.0" complexity="1.0" name="lambda$static$1" signature="(Lcom/ancestry/search/services/displaymetadata/contracts/FormatFunctionType;)Ljava/lang/Integer;">
                     <lines>
                        <line number="180" hits="1" branch="false"/>
                     </lines>
                  </method>
                  <method line-rate="1.0" branch-rate="0.0" complexity="1.0" name="lambda$static$0" signature="(Lcom/ancestry/search/services/displaymetadata/contracts/FormatFunctionType;)Ljava/lang/String;">
                     <lines>
                        <line number="177" hits="1" branch="false"/>
                        <line number="178" hits="1" branch="false"/>
                        <line number="179" hits="1" branch="false"/>
                     </lines>
                  </method>
                  <method line-rate="1.0" branch-rate="0.0" complexity="1.0" name="&lt;clinit&gt;" signature="()V">
                     <lines>
                        <line number="11" hits="1" branch="false"/>
                        <line number="16" hits="1" branch="false"/>
                        <line number="21" hits="1" branch="false"/>
                        <line number="26" hits="1" branch="false"/>
                        <line number="32" hits="1" branch="false"/>
                        <line number="37" hits="1" branch="false"/>
                        <line number="42" hits="1" branch="false"/>
                        <line number="48" hits="1" branch="false"/>
                        <line number="51" hits="1" branch="false"/>
                        <line number="57" hits="1" branch="false"/>
                        <line number="60" hits="1" branch="false"/>
                        <line number="63" hits="1" branch="false"/>
                        <line number="66" hits="1" branch="false"/>
                        <line number="69" hits="1" branch="false"/>
                        <line number="72" hits="1" branch="false"/>
                        <line number="75" hits="1" branch="false"/>
                        <line number="78" hits="1" branch="false"/>
                        <line number="81" hits="1" branch="false"/>
                        <line number="84" hits="1" branch="false"/>
                        <line number="90" hits="1" branch="false"/>
                        <line number="93" hits="1" branch="false"/>
                        <line number="96" hits="1" branch="false"/>
                        <line number="99" hits="1" branch="false"/>
                        <line number="102" hits="1" branch="false"/>
                        <line number="105" hits="1" branch="false"/>
                        <line number="108" hits="1" branch="false"/>
                        <line number="111" hits="1" branch="false"/>
                        <line number="114" hits="1" branch="false"/>
                        <line number="117" hits="1" branch="false"/>
                        <line number="123" hits="1" branch="false"/>
                        <line number="126" hits="1" branch="false"/>
                        <line number="131" hits="1" branch="false"/>
                        <line number="134" hits="1" branch="false"/>
                        <line number="137" hits="1" branch="false"/>
                        <line number="143" hits="1" branch="false"/>
                        <line number="149" hits="1" branch="false"/>
                        <line number="155" hits="1" branch="false"/>
                        <line number="158" hits="1" branch="false"/>
                        <line number="164" hits="1" branch="false"/>
                        <line number="167" hits="1" branch="false"/>
                        <line number="170" hits="1" branch="false"/>
                        <line number="173" hits="1" branch="false"/>
                        <line number="176" hits="1" branch="false"/>
                     </lines>
                  </method>
               </methods>
            </class>
            <class line-rate="1.0" branch-rate="0.0" complexity="7.0" name="com/ancestry/search/services/displaymetadata/contracts/RelationType" filename="com/ancestry/search/services/displaymetadata/contracts/RelationType.java">
               <methods>
                  <method line-rate="1.0" branch-rate="0.0" complexity="1.0" name="&lt;init&gt;" signature="(Ljava/lang/String;IILjava/lang/String;)V">
                     <lines>
                        <line number="76" hits="1" branch="false"/>
                        <line number="77" hits="1" branch="false"/>
                        <line number="78" hits="1" branch="false"/>
                        <line number="79" hits="1" branch="false"/>
                     </lines>
                  </method>
                  <method line-rate="1.0" branch-rate="0.0" complexity="1.0" name="fromValue" signature="(I)Lcom/ancestry/search/services/displaymetadata/contracts/RelationType;">
                     <lines>
                        <line number="83" hits="1" branch="false"/>
                        <line number="84" hits="1" branch="false"/>
                     </lines>
                  </method>
                  <method line-rate="1.0" branch-rate="0.0" complexity="1.0" name="getValue" signature="()I">
                     <lines>
                        <line number="92" hits="1" branch="false"/>
                     </lines>
                  </method>
                  <method line-rate="1.0" branch-rate="0.0" complexity="1.0" name="toString" signature="()Ljava/lang/String;">
                     <lines>
                        <line number="97" hits="1" branch="false"/>
                     </lines>
                  </method>
                  <method line-rate="1.0" branch-rate="0.0" complexity="1.0" name="lambda$fromValue$1" signature="(I)Lcom/ancestry/search/services/displaymetadata/contracts/DisplayFieldException;">
                     <lines>
                        <line number="86" hits="1" branch="false"/>
                        <line number="87" hits="1" branch="false"/>
                     </lines>
                  </method>
                  <method line-rate="1.0" branch-rate="0.0" complexity="1.0" name="lambda$static$0" signature="(Lcom/ancestry/search/services/displaymetadata/contracts/RelationType;)Ljava/lang/Integer;">
                     <lines>
                        <line number="71" hits="1" branch="false"/>
                     </lines>
                  </method>
                  <method line-rate="1.0" branch-rate="0.0" complexity="1.0" name="&lt;clinit&gt;" signature="()V">
                     <lines>
                        <line number="14" hits="1" branch="false"/>
                        <line number="18" hits="1" branch="false"/>
                        <line number="23" hits="1" branch="false"/>
                        <line number="26" hits="1" branch="false"/>
                        <line number="29" hits="1" branch="false"/>
                        <line number="32" hits="1" branch="false"/>
                        <line number="35" hits="1" branch="false"/>
                        <line number="38" hits="1" branch="false"/>
                        <line number="41" hits="1" branch="false"/>
                        <line number="44" hits="1" branch="false"/>
                        <line number="47" hits="1" branch="false"/>
                        <line number="50" hits="1" branch="false"/>
                        <line number="53" hits="1" branch="false"/>
                        <line number="56" hits="1" branch="false"/>
                        <line number="59" hits="1" branch="false"/>
                        <line number="62" hits="1" branch="false"/>
                        <line number="65" hits="1" branch="false"/>
                        <line number="68" hits="1" branch="false"/>
                        <line number="70" hits="1" branch="false"/>
                     </lines>
                  </method>
               </methods>
            </class>
            <class line-rate="1.0" branch-rate="1.0" complexity="11.0" name="com/ancestry/search/services/displaymetadata/contracts/GetViewRequest" filename="com/ancestry/search/services/displaymetadata/contracts/GetViewRequest.java">
               <methods>
                  <method line-rate="1.0" branch-rate="0.0" complexity="1.0" name="&lt;init&gt;" signature="(Ljava/lang/Integer;ILjava/lang/String;)V">
                     <lines>
                        <line number="42" hits="1" branch="false"/>
                        <line number="43" hits="1" branch="false"/>
                        <line number="44" hits="1" branch="false"/>
                        <line number="45" hits="1" branch="false"/>
                        <line number="46" hits="1" branch="false"/>
                     </lines>
                  </method>
                  <method line-rate="1.0" branch-rate="0.0" complexity="1.0" name="getCollectionId" signature="()I">
                     <lines>
                        <line number="50" hits="1" branch="false"/>
                     </lines>
                  </method>
                  <method line-rate="1.0" branch-rate="0.0" complexity="1.0" name="setCollectionId" signature="(Ljava/lang/Integer;)V">
                     <lines>
                        <line number="55" hits="1" branch="false"/>
                        <line number="56" hits="1" branch="false"/>
                     </lines>
                  </method>
                  <method line-rate="1.0" branch-rate="0.0" complexity="1.0" name="getViewTypeValue" signature="()I">
                     <lines>
                        <line number="60" hits="1" branch="false"/>
                     </lines>
                  </method>
                  <method line-rate="1.0" branch-rate="0.0" complexity="1.0" name="getViewType" signature="()Lcom/ancestry/search/services/displaymetadata/contracts/DisplayViewType;">
                     <lines>
                        <line number="65" hits="1" branch="false"/>
                     </lines>
                  </method>
                  <method line-rate="1.0" branch-rate="0.0" complexity="1.0" name="setViewType" signature="(I)V">
                     <lines>
                        <line number="71" hits="1" branch="false"/>
                        <line number="72" hits="1" branch="false"/>
                        <line number="73" hits="1" branch="false"/>
                        <line number="74" hits="1" branch="false"/>
                        <line number="75" hits="1" branch="false"/>
                        <line number="76" hits="1" branch="false"/>
                        <line number="77" hits="1" branch="false"/>
                        <line number="78" hits="1" branch="false"/>
                     </lines>
                  </method>
                  <method line-rate="1.0" branch-rate="0.0" complexity="1.0" name="getCultureId" signature="()Ljava/lang/String;">
                     <lines>
                        <line number="82" hits="1" branch="false"/>
                     </lines>
                  </method>
                  <method line-rate="1.0" branch-rate="1.0" complexity="2.0" name="setCultureId" signature="(Ljava/lang/String;)V">
                     <lines>
                        <line number="87" hits="1" branch="false"/>
                        <line number="88" hits="1" branch="true" condition-coverage="100% (2/2)">
                           <conditions class="java.util.Collections$SingletonList">
                              <condition number="0" type="jump" coverage="100%"/>
                           </conditions>
                        </line>
                        <line number="89" hits="1" branch="false"/>
                     </lines>
                  </method>
                  <method line-rate="1.0" branch-rate="0.0" complexity="1.0" name="toString" signature="()Ljava/lang/String;">
                     <lines>
                        <line number="93" hits="1" branch="false"/>
                        <line number="94" hits="1" branch="false"/>
                        <line number="95" hits="1" branch="false"/>
                        <line number="96" hits="1" branch="false"/>
                        <line number="97" hits="1" branch="false"/>
                     </lines>
                  </method>
                  <method line-rate="1.0" branch-rate="0.0" complexity="1.0" name="&lt;clinit&gt;" signature="()V">
                     <lines>
                        <line number="18" hits="1" branch="false"/>
                     </lines>
                  </method>
               </methods>
            </class>
            <class line-rate="1.0" branch-rate="0.0" complexity="3.0" name="com/ancestry/search/services/displaymetadata/contracts/FieldFlag" filename="com/ancestry/search/services/displaymetadata/contracts/FieldFlag.java">
               <methods>
                  <method line-rate="1.0" branch-rate="0.0" complexity="1.0" name="&lt;init&gt;" signature="(Ljava/lang/String;II)V">
                     <lines>
                        <line number="34" hits="1" branch="false"/>
                        <line number="35" hits="1" branch="false"/>
                        <line number="36" hits="1" branch="false"/>
                     </lines>
                  </method>
                  <method line-rate="1.0" branch-rate="0.0" complexity="1.0" name="getValue" signature="()I">
                     <lines>
                        <line number="39" hits="1" branch="false"/>
                     </lines>
                  </method>
                  <method line-rate="1.0" branch-rate="0.0" complexity="1.0" name="&lt;clinit&gt;" signature="()V">
                     <lines>
                        <line number="6" hits="1" branch="false"/>
                        <line number="10" hits="1" branch="false"/>
                        <line number="15" hits="1" branch="false"/>
                        <line number="20" hits="1" branch="false"/>
                        <line number="25" hits="1" branch="false"/>
                        <line number="30" hits="1" branch="false"/>
                     </lines>
                  </method>
               </methods>
            </class>
            <class line-rate="1.0" branch-rate="0.0" complexity="2.0" name="com/ancestry/search/services/displaymetadata/contracts/DisplayFieldException" filename="com/ancestry/search/services/displaymetadata/contracts/DisplayFieldException.java">
               <methods>
                  <method line-rate="1.0" branch-rate="0.0" complexity="1.0" name="&lt;init&gt;" signature="(Ljava/lang/String;Ljava/lang/String;)V">
                     <lines>
                        <line number="17" hits="1" branch="false"/>
                        <line number="18" hits="1" branch="false"/>
                        <line number="19" hits="1" branch="false"/>
                     </lines>
                  </method>
                  <method line-rate="1.0" branch-rate="0.0" complexity="1.0" name="getValue" signature="()Ljava/lang/String;">
                     <lines>
                        <line number="22" hits="1" branch="false"/>
                     </lines>
                  </method>
               </methods>
            </class>
            <class line-rate="1.0" branch-rate="0.0" complexity="7.0" name="com/ancestry/search/services/displaymetadata/contracts/EventType" filename="com/ancestry/search/services/displaymetadata/contracts/EventType.java">
               <methods>
                  <method line-rate="1.0" branch-rate="0.0" complexity="1.0" name="&lt;init&gt;" signature="(Ljava/lang/String;IILjava/lang/String;)V">
                     <lines>
                        <line number="81" hits="1" branch="false"/>
                        <line number="82" hits="1" branch="false"/>
                        <line number="83" hits="1" branch="false"/>
                        <line number="84" hits="1" branch="false"/>
                     </lines>
                  </method>
                  <method line-rate="1.0" branch-rate="0.0" complexity="1.0" name="fromValue" signature="(I)Lcom/ancestry/search/services/displaymetadata/contracts/EventType;">
                     <lines>
                        <line number="88" hits="1" branch="false"/>
                        <line number="89" hits="1" branch="false"/>
                     </lines>
                  </method>
                  <method line-rate="1.0" branch-rate="0.0" complexity="1.0" name="getValue" signature="()I">
                     <lines>
                        <line number="97" hits="1" branch="false"/>
                     </lines>
                  </method>
                  <method line-rate="1.0" branch-rate="0.0" complexity="1.0" name="toString" signature="()Ljava/lang/String;">
                     <lines>
                        <line number="102" hits="1" branch="false"/>
                     </lines>
                  </method>
                  <method line-rate="1.0" branch-rate="0.0" complexity="1.0" name="lambda$fromValue$1" signature="(I)Lcom/ancestry/search/services/displaymetadata/contracts/DisplayFieldException;">
                     <lines>
                        <line number="91" hits="1" branch="false"/>
                        <line number="92" hits="1" branch="false"/>
                     </lines>
                  </method>
                  <method line-rate="1.0" branch-rate="0.0" complexity="1.0" name="lambda$static$0" signature="(Lcom/ancestry/search/services/displaymetadata/contracts/EventType;)Ljava/lang/Integer;">
                     <lines>
                        <line number="76" hits="1" branch="false"/>
                     </lines>
                  </method>
                  <method line-rate="1.0" branch-rate="0.0" complexity="1.0" name="&lt;clinit&gt;" signature="()V">
                     <lines>
                        <line number="14" hits="1" branch="false"/>
                        <line number="18" hits="1" branch="false"/>
                        <line number="23" hits="1" branch="false"/>
                        <line number="28" hits="1" branch="false"/>
                        <line number="31" hits="1" branch="false"/>
                        <line number="34" hits="1" branch="false"/>
                        <line number="37" hits="1" branch="false"/>
                        <line number="40" hits="1" branch="false"/>
                        <line number="43" hits="1" branch="false"/>
                        <line number="46" hits="1" branch="false"/>
                        <line number="49" hits="1" branch="false"/>
                        <line number="52" hits="1" branch="false"/>
                        <line number="55" hits="1" branch="false"/>
                        <line number="58" hits="1" branch="false"/>
                        <line number="61" hits="1" branch="false"/>
                        <line number="64" hits="1" branch="false"/>
                        <line number="67" hits="1" branch="false"/>
                        <line number="70" hits="1" branch="false"/>
                        <line number="73" hits="1" branch="false"/>
                        <line number="75" hits="1" branch="false"/>
                     </lines>
                  </method>
               </methods>
            </class>
         </classes>
      </package>
      <package line-rate="0.0" branch-rate="0.0" complexity="54.0" name="com/ancestry/search/services/displaymetadata/throttling/test">
         <classes>
            <class line-rate="0.0" branch-rate="0.0" complexity="5.0" name="com/ancestry/search/services/displaymetadata/throttling/test/ThrottlingTestHarness$ApplyLoad" filename="com/ancestry/search/services/displaymetadata/throttling/test/ThrottlingTestHarness.java">
               <methods>
                  <method line-rate="0.0" branch-rate="0.0" complexity="1.0" name="&lt;init&gt;" signature="(Lcom/ancestry/search/services/displaymetadata/throttling/test/ThrottlingTestHarness;Ljava/lang/String;)V">
                     <lines>
                        <line number="336" hits="0" branch="false"/>
                        <line number="337" hits="0" branch="false"/>
                        <line number="338" hits="0" branch="false"/>
                        <line number="339" hits="0" branch="false"/>
                        <line number="340" hits="0" branch="false"/>
                     </lines>
                  </method>
                  <method line-rate="0.0" branch-rate="0.0" complexity="4.0" name="run" signature="()V">
                     <lines>
                        <line number="344" hits="0" branch="true" condition-coverage="0% (0/2)">
                           <conditions class="java.util.Collections$SingletonList">
                              <condition number="0" type="jump" coverage="0%"/>
                           </conditions>
                        </line>
                        <line number="346" hits="0" branch="false"/>
                        <line number="347" hits="0" branch="false"/>
                        <line number="348" hits="0" branch="false"/>
                        <line number="349" hits="0" branch="false"/>
                        <line number="350" hits="0" branch="false"/>
                        <line number="351" hits="0" branch="true" condition-coverage="0% (0/2)">
                           <conditions class="java.util.Collections$SingletonList">
                              <condition number="0" type="jump" coverage="0%"/>
                           </conditions>
                        </line>
                        <line number="352" hits="0" branch="false"/>
                        <line number="353" hits="0" branch="false"/>
                        <line number="355" hits="0" branch="false"/>
                        <line number="356" hits="0" branch="false"/>
                        <line number="360" hits="0" branch="false"/>
                        <line number="361" hits="0" branch="false"/>
                        <line number="364" hits="0" branch="true" condition-coverage="0% (0/2)">
                           <conditions class="java.util.Collections$SingletonList">
                              <condition number="0" type="jump" coverage="0%"/>
                           </conditions>
                        </line>
                        <line number="365" hits="0" branch="false"/>
                        <line number="367" hits="0" branch="false"/>
                        <line number="368" hits="0" branch="false"/>
                        <line number="369" hits="0" branch="false"/>
                        <line number="371" hits="0" branch="false"/>
                        <line number="372" hits="0" branch="false"/>
                        <line number="374" hits="0" branch="false"/>
                        <line number="376" hits="0" branch="false"/>
                     </lines>
                  </method>
               </methods>
            </class>
            <class line-rate="0.0" branch-rate="0.0" complexity="6.0" name="com/ancestry/search/services/displaymetadata/throttling/test/ThrottlingTestHarness$BucketInfo" filename="com/ancestry/search/services/displaymetadata/throttling/test/ThrottlingTestHarness.java">
               <methods>
                  <method line-rate="0.0" branch-rate="0.0" complexity="4.0" name="&lt;init&gt;" signature="(Ljava/lang/String;)V">
                     <lines>
                        <line number="297" hits="0" branch="false"/>
                        <line number="298" hits="0" branch="false"/>
                        <line number="299" hits="0" branch="true" condition-coverage="0% (0/2)">
                           <conditions class="java.util.Collections$SingletonList">
                              <condition number="0" type="jump" coverage="0%"/>
                           </conditions>
                        </line>
                        <line number="300" hits="0" branch="true" condition-coverage="0% (0/2)">
                           <conditions class="java.util.Collections$SingletonList">
                              <condition number="0" type="jump" coverage="0%"/>
                           </conditions>
                        </line>
                        <line number="301" hits="0" branch="false"/>
                        <line number="302" hits="0" branch="false"/>
                        <line number="304" hits="0" branch="true" condition-coverage="0% (0/2)">
                           <conditions class="java.util.Collections$SingletonList">
                              <condition number="0" type="jump" coverage="0%"/>
                           </conditions>
                        </line>
                        <line number="305" hits="0" branch="false"/>
                        <line number="306" hits="0" branch="false"/>
                        <line number="309" hits="0" branch="false"/>
                     </lines>
                  </method>
                  <method line-rate="0.0" branch-rate="0.0" complexity="1.0" name="getBucketName" signature="()Ljava/lang/String;">
                     <lines>
                        <line number="312" hits="0" branch="false"/>
                     </lines>
                  </method>
                  <method line-rate="0.0" branch-rate="0.0" complexity="1.0" name="getObjectKey" signature="()Ljava/lang/String;">
                     <lines>
                        <line number="316" hits="0" branch="false"/>
                     </lines>
                  </method>
               </methods>
            </class>
            <class line-rate="0.0" branch-rate="0.0" complexity="43.0" name="com/ancestry/search/services/displaymetadata/throttling/test/ThrottlingTestHarness" filename="com/ancestry/search/services/displaymetadata/throttling/test/ThrottlingTestHarness.java">
               <methods>
                  <method line-rate="0.0" branch-rate="0.0" complexity="11.0" name="main" signature="([Ljava/lang/String;)V">
                     <lines>
                        <line number="27" hits="0" branch="false"/>
                        <line number="28" hits="0" branch="false"/>
                        <line number="29" hits="0" branch="false"/>
                        <line number="30" hits="0" branch="false"/>
                        <line number="31" hits="0" branch="false"/>
                        <line number="32" hits="0" branch="false"/>
                        <line number="34" hits="0" branch="true" condition-coverage="0% (0/2)">
                           <conditions class="java.util.Collections$SingletonList">
                              <condition number="0" type="jump" coverage="0%"/>
                           </conditions>
                        </line>
                        <line number="35" hits="0" branch="false"/>
                        <line number="36" hits="0" branch="false"/>
                        <line number="39" hits="0" branch="true" condition-coverage="0% (0/2)">
                           <conditions class="java.util.Collections$SingletonList">
                              <condition number="0" type="jump" coverage="0%"/>
                           </conditions>
                        </line>
                        <line number="40" hits="0" branch="true" condition-coverage="0% (0/2)">
                           <conditions class="java.util.Collections$SingletonList">
                              <condition number="0" type="jump" coverage="0%"/>
                           </conditions>
                        </line>
                        <line number="41" hits="0" branch="false"/>
                        <line number="42" hits="0" branch="false"/>
                        <line number="43" hits="0" branch="true" condition-coverage="0% (0/2)">
                           <conditions class="java.util.Collections$SingletonList">
                              <condition number="0" type="jump" coverage="0%"/>
                           </conditions>
                        </line>
                        <line number="44" hits="0" branch="false"/>
                        <line number="45" hits="0" branch="false"/>
                        <line number="46" hits="0" branch="true" condition-coverage="0% (0/2)">
                           <conditions class="java.util.Collections$SingletonList">
                              <condition number="0" type="jump" coverage="0%"/>
                           </conditions>
                        </line>
                        <line number="47" hits="0" branch="false"/>
                        <line number="48" hits="0" branch="false"/>
                        <line number="49" hits="0" branch="true" condition-coverage="0% (0/2)">
                           <conditions class="java.util.Collections$SingletonList">
                              <condition number="0" type="jump" coverage="0%"/>
                           </conditions>
                        </line>
                        <line number="50" hits="0" branch="false"/>
                        <line number="51" hits="0" branch="false"/>
                        <line number="52" hits="0" branch="true" condition-coverage="0% (0/2)">
                           <conditions class="java.util.Collections$SingletonList">
                              <condition number="0" type="jump" coverage="0%"/>
                           </conditions>
                        </line>
                        <line number="54" hits="0" branch="false"/>
                        <line number="55" hits="0" branch="false"/>
                        <line number="56" hits="0" branch="false"/>
                        <line number="57" hits="0" branch="false"/>
                        <line number="58" hits="0" branch="false"/>
                        <line number="59" hits="0" branch="true" condition-coverage="0% (0/2)">
                           <conditions class="java.util.Collections$SingletonList">
                              <condition number="0" type="jump" coverage="0%"/>
                           </conditions>
                        </line>
                        <line number="61" hits="0" branch="false"/>
                        <line number="62" hits="0" branch="false"/>
                        <line number="63" hits="0" branch="false"/>
                        <line number="64" hits="0" branch="false"/>
                        <line number="65" hits="0" branch="false"/>
                        <line number="69" hits="0" branch="true" condition-coverage="0% (0/4)">
                           <conditions class="java.util.Collections$SingletonList">
                              <condition number="0" type="jump" coverage="0%"/>
                           </conditions>
                        </line>
                        <line number="70" hits="0" branch="false"/>
                        <line number="71" hits="0" branch="false"/>
                        <line number="75" hits="0" branch="false"/>
                        <line number="81" hits="0" branch="false"/>
                        <line number="82" hits="0" branch="false"/>
                     </lines>
                  </method>
                  <method line-rate="0.0" branch-rate="0.0" complexity="1.0" name="showUsage" signature="()V">
                     <lines>
                        <line number="85" hits="0" branch="false"/>
                        <line number="86" hits="0" branch="false"/>
                        <line number="87" hits="0" branch="false"/>
                        <line number="88" hits="0" branch="false"/>
                        <line number="89" hits="0" branch="false"/>
                        <line number="90" hits="0" branch="false"/>
                        <line number="91" hits="0" branch="false"/>
                        <line number="92" hits="0" branch="false"/>
                     </lines>
                  </method>
                  <method line-rate="0.0" branch-rate="0.0" complexity="1.0" name="&lt;init&gt;" signature="(Ljava/lang/String;ILjava/lang/String;Ljava/lang/String;Ljava/lang/String;I)V">
                     <lines>
                        <line number="105" hits="0" branch="false"/>
                        <line number="113" hits="0" branch="false"/>
                        <line number="114" hits="0" branch="false"/>
                        <line number="115" hits="0" branch="false"/>
                        <line number="116" hits="0" branch="false"/>
                        <line number="117" hits="0" branch="false"/>
                        <line number="118" hits="0" branch="false"/>
                        <line number="120" hits="0" branch="false"/>
                        <line number="121" hits="0" branch="false"/>
                        <line number="122" hits="0" branch="false"/>
                        <line number="123" hits="0" branch="false"/>
                     </lines>
                  </method>
                  <method line-rate="0.0" branch-rate="0.0" complexity="10.0" name="executeTest" signature="()V">
                     <lines>
                        <line number="126" hits="0" branch="false"/>
                        <line number="130" hits="0" branch="false"/>
                        <line number="131" hits="0" branch="true" condition-coverage="0% (0/2)">
                           <conditions class="java.util.Collections$SingletonList">
                              <condition number="0" type="jump" coverage="0%"/>
                           </conditions>
                        </line>
                        <line number="132" hits="0" branch="false"/>
                        <line number="133" hits="0" branch="false"/>
                        <line number="138" hits="0" branch="false"/>
                        <line number="148" hits="0" branch="false"/>
                        <line number="149" hits="0" branch="true" condition-coverage="0% (0/2)">
                           <conditions class="java.util.Collections$SingletonList">
                              <condition number="0" type="jump" coverage="0%"/>
                           </conditions>
                        </line>
                        <line number="150" hits="0" branch="false"/>
                        <line number="151" hits="0" branch="false"/>
                        <line number="155" hits="0" branch="true" condition-coverage="0% (0/2)">
                           <conditions class="java.util.Collections$SingletonList">
                              <condition number="0" type="jump" coverage="0%"/>
                           </conditions>
                        </line>
                        <line number="159" hits="0" branch="false"/>
                        <line number="160" hits="0" branch="false"/>
                        <line number="163" hits="0" branch="false"/>
                        <line number="164" hits="0" branch="false"/>
                        <line number="170" hits="0" branch="true" condition-coverage="0% (0/2)">
                           <conditions class="java.util.Collections$SingletonList">
                              <condition number="0" type="jump" coverage="0%"/>
                           </conditions>
                        </line>
                        <line number="171" hits="0" branch="false"/>
                        <line number="174" hits="0" branch="true" condition-coverage="0% (0/2)">
                           <conditions class="java.util.Collections$SingletonList">
                              <condition number="0" type="jump" coverage="0%"/>
                           </conditions>
                        </line>
                        <line number="175" hits="0" branch="false"/>
                        <line number="178" hits="0" branch="false"/>
                        <line number="180" hits="0" branch="false"/>
                        <line number="181" hits="0" branch="false"/>
                        <line number="183" hits="0" branch="false"/>
                        <line number="185" hits="0" branch="false"/>
                        <line number="188" hits="0" branch="true" condition-coverage="0% (0/2)">
                           <conditions class="java.util.Collections$SingletonList">
                              <condition number="0" type="jump" coverage="0%"/>
                           </conditions>
                        </line>
                        <line number="189" hits="0" branch="true" condition-coverage="0% (0/2)">
                           <conditions class="java.util.Collections$SingletonList">
                              <condition number="0" type="jump" coverage="0%"/>
                           </conditions>
                        </line>
                        <line number="191" hits="0" branch="false"/>
                        <line number="192" hits="0" branch="false"/>
                        <line number="193" hits="0" branch="false"/>
                        <line number="195" hits="0" branch="false"/>
                        <line number="197" hits="0" branch="false"/>
                        <line number="201" hits="0" branch="false"/>
                        <line number="203" hits="0" branch="false"/>
                        <line number="206" hits="0" branch="false"/>
                        <line number="209" hits="0" branch="false"/>
                        <line number="210" hits="0" branch="false"/>
                        <line number="211" hits="0" branch="true" condition-coverage="0% (0/2)">
                           <conditions class="java.util.Collections$SingletonList">
                              <condition number="0" type="jump" coverage="0%"/>
                           </conditions>
                        </line>
                        <line number="212" hits="0" branch="false"/>
                        <line number="213" hits="0" branch="true" condition-coverage="0% (0/2)">
                           <conditions class="java.util.Collections$SingletonList">
                              <condition number="0" type="jump" coverage="0%"/>
                           </conditions>
                        </line>
                        <line number="214" hits="0" branch="false"/>
                        <line number="216" hits="0" branch="false"/>
                        <line number="218" hits="0" branch="false"/>
                     </lines>
                  </method>
                  <method line-rate="0.0" branch-rate="0.0" complexity="2.0" name="getOverrideInfo" signature="(Lorg/apache/http/impl/client/CloseableHttpClient;Ljava/lang/String;Ljava/lang/String;)Lcom/ancestry/search/services/displaymetadata/throttling/test/ThrottlingTestHarness$BucketInfo;">
                     <lines>
                        <line number="223" hits="0" branch="false"/>
                        <line number="224" hits="0" branch="false"/>
                        <line number="225" hits="0" branch="true" condition-coverage="0% (0/2)">
                           <conditions class="java.util.Collections$SingletonList">
                              <condition number="0" type="jump" coverage="0%"/>
                           </conditions>
                        </line>
                        <line number="226" hits="0" branch="false"/>
                        <line number="227" hits="0" branch="false"/>
                     </lines>
                  </method>
                  <method line-rate="0.0" branch-rate="0.0" complexity="6.0" name="waitForOverrideConfigUpdate" signature="(Lorg/apache/http/impl/client/CloseableHttpClient;Ljava/lang/String;Ljava/lang/String;Ljava/lang/String;)Z">
                     <lines>
                        <line number="233" hits="0" branch="false"/>
                        <line number="234" hits="0" branch="false"/>
                        <line number="235" hits="0" branch="true" condition-coverage="0% (0/2)">
                           <conditions class="java.util.Collections$SingletonList">
                              <condition number="0" type="jump" coverage="0%"/>
                           </conditions>
                        </line>
                        <line number="237" hits="0" branch="false"/>
                        <line number="238" hits="0" branch="false"/>
                        <line number="239" hits="0" branch="true" condition-coverage="0% (0/2)">
                           <conditions class="java.util.Collections$SingletonList">
                              <condition number="0" type="jump" coverage="0%"/>
                           </conditions>
                        </line>
                        <line number="240" hits="0" branch="false"/>
                        <line number="241" hits="0" branch="false"/>
                        <line number="242" hits="0" branch="true" condition-coverage="0% (0/4)">
                           <conditions class="java.util.Collections$SingletonList">
                              <condition number="0" type="jump" coverage="0%"/>
                           </conditions>
                        </line>
                        <line number="243" hits="0" branch="false"/>
                        <line number="244" hits="0" branch="true" condition-coverage="0% (0/2)">
                           <conditions class="java.util.Collections$SingletonList">
                              <condition number="0" type="jump" coverage="0%"/>
                           </conditions>
                        </line>
                        <line number="245" hits="0" branch="false"/>
                        <line number="249" hits="0" branch="false"/>
                        <line number="250" hits="0" branch="false"/>
                        <line number="253" hits="0" branch="false"/>
                        <line number="254" hits="0" branch="false"/>
                        <line number="256" hits="0" branch="false"/>
                        <line number="258" hits="0" branch="false"/>
                        <line number="259" hits="0" branch="false"/>
                        <line number="260" hits="0" branch="false"/>
                     </lines>
                  </method>
                  <method line-rate="0.0" branch-rate="0.0" complexity="2.0" name="requestOverrideConfig" signature="(Lorg/apache/http/impl/client/CloseableHttpClient;Ljava/lang/String;Ljava/lang/String;)Lcom/ancestry/shared/resiliency/override/springframework/ResilienceOverrideConfigController$OverrideConfigStatusResponse;">
                     <lines>
                        <line number="266" hits="0" branch="false"/>
                        <line number="267" hits="0" branch="false"/>
                        <line number="268" hits="0" branch="false"/>
                        <line number="269" hits="0" branch="false"/>
                        <line number="271" hits="0" branch="false"/>
                        <line number="272" hits="0" branch="false"/>
                        <line number="275" hits="0" branch="true" condition-coverage="0% (0/2)">
                           <conditions class="java.util.Collections$SingletonList">
                              <condition number="0" type="jump" coverage="0%"/>
                           </conditions>
                        </line>
                        <line number="276" hits="0" branch="false"/>
                        <line number="278" hits="0" branch="false"/>
                        <line number="279" hits="0" branch="false"/>
                        <line number="280" hits="0" branch="false"/>
                        <line number="281" hits="0" branch="false"/>
[...]
                        <line number="63" hits="1" branch="false"/>
                        <line number="64" hits="1" branch="false"/>
                        <line number="65" hits="1" branch="false"/>
                        <line number="66" hits="1" branch="false"/>
                        <line number="67" hits="1" branch="false"/>
                        <line number="70" hits="1" branch="false"/>
                        <line number="71" hits="1" branch="false"/>
                     </lines>
                  </method>
               </methods>
            </class>
         </classes>
      </package>
      <package line-rate="1.0" branch-rate="0.0" complexity="2.0" name="com/ancestry/search/services/displaymetadata/localization">
         <classes>
            <class line-rate="0.0" branch-rate="0.0" complexity="0.0" name="com/ancestry/search/services/displaymetadata/localization/Localizer" filename="com/ancestry/search/services/displaymetadata/localization/Localizer.java">
               <methods/>
            </class>
            <class line-rate="1.0" branch-rate="0.0" complexity="2.0" name="com/ancestry/search/services/displaymetadata/localization/StringLocalizer" filename="com/ancestry/search/services/displaymetadata/localization/StringLocalizer.java">
               <methods>
                  <method line-rate="1.0" branch-rate="0.0" complexity="1.0" name="&lt;init&gt;" signature="()V">
                     <lines>
                        <line number="7" hits="1" branch="false"/>
                     </lines>
                  </method>
                  <method line-rate="1.0" branch-rate="0.0" complexity="1.0" name="getString" signature="(Ljava/lang/String;Ljava/lang/String;Ljava/util/Locale;)Ljava/lang/String;">
                     <lines>
                        <line number="11" hits="1" branch="false"/>
                        <line number="13" hits="1" branch="false"/>
                        <line number="14" hits="1" branch="false"/>
                        <line number="15" hits="1" branch="false"/>
                     </lines>
                  </method>
               </methods>
            </class>
         </classes>
      </package>
      <package line-rate="1.0" branch-rate="1.0" complexity="33.0" name="com/ancestry/search/services/displaymetadata/providers">
         <classes>
            <class line-rate="1.0" branch-rate="0.0" complexity="2.0" name="com/ancestry/search/services/displaymetadata/providers/SearchMetadata" filename="com/ancestry/search/services/displaymetadata/providers/SearchMetadata.java">
               <methods>
                  <method line-rate="1.0" branch-rate="0.0" complexity="1.0" name="&lt;init&gt;" signature="(Ljavax/sql/DataSource;)V">
                     <lines>
                        <line number="21" hits="1" branch="false"/>
                        <line number="22" hits="1" branch="false"/>
                        <line number="23" hits="1" branch="false"/>
                     </lines>
                  </method>
                  <method line-rate="1.0" branch-rate="0.0" complexity="1.0" name="getDisplayView" signature="(II)Ljava/util/List;">
                     <lines>
                        <line number="29" hits="1" branch="false"/>
                     </lines>
                  </method>
               </methods>
            </class>
            <class line-rate="1.0" branch-rate="1.0" complexity="6.0" name="com/ancestry/search/services/displaymetadata/providers/SearchMetadata$1" filename="com/ancestry/search/services/displaymetadata/providers/SearchMetadata.java">
               <methods>
                  <method line-rate="1.0" branch-rate="0.0" complexity="1.0" name="&lt;init&gt;" signature="(Lcom/ancestry/search/services/displaymetadata/providers/SearchMetadata;Ljava/lang/String;Ljava/lang/String;II)V">
                     <lines>
                        <line number="31" hits="1" branch="false"/>
                     </lines>
                  </method>
                  <method line-rate="1.0" branch-rate="0.0" complexity="1.0" name="getCallableStatement" signature="()Ljava/sql/CallableStatement;">
                     <lines>
                        <line number="35" hits="1" branch="false"/>
                     </lines>
                  </method>
                  <method line-rate="1.0" branch-rate="0.0" complexity="1.0" name="initializeCallableStatement" signature="(Ljava/sql/CallableStatement;)V">
                     <lines>
                        <line number="41" hits="1" branch="false"/>
                        <line number="42" hits="1" branch="false"/>
                        <line number="43" hits="1" branch="false"/>
                     </lines>
                  </method>
                  <method line-rate="1.0" branch-rate="1.0" complexity="3.0" name="readResults" signature="(Ljava/sql/ResultSet;)Ljava/util/List;">
                     <lines>
                        <line number="46" hits="1" branch="false"/>
                        <line number="48" hits="1" branch="true" condition-coverage="100% (2/2)">
                           <conditions class="java.util.Collections$SingletonList">
                              <condition number="0" type="jump" coverage="100%"/>
                           </conditions>
                        </line>
                        <line number="49" hits="1" branch="false"/>
                        <line number="51" hits="1" branch="false"/>
                        <line number="52" hits="1" branch="false"/>
                        <line number="53" hits="1" branch="false"/>
                        <line number="54" hits="1" branch="false"/>
                        <line number="55" hits="1" branch="false"/>
                        <line number="56" hits="1" branch="false"/>
                        <line number="57" hits="1" branch="false"/>
                        <line number="58" hits="1" branch="false"/>
                        <line number="59" hits="1" branch="false"/>
                        <line number="60" hits="1" branch="false"/>
                        <line number="64" hits="1" branch="false"/>
                        <line number="65" hits="1" branch="false"/>
                        <line number="66" hits="1" branch="true" condition-coverage="100% (2/2)">
                           <conditions class="java.util.Collections$SingletonList">
                              <condition number="0" type="jump" coverage="100%"/>
                           </conditions>
                        </line>
                        <line number="68" hits="1" branch="false"/>
                        <line number="69" hits="1" branch="false"/>
                        <line number="71" hits="1" branch="false"/>
                        <line number="75" hits="1" branch="false"/>
                        <line number="76" hits="1" branch="false"/>
                     </lines>
                  </method>
               </methods>
            </class>
            <class line-rate="1.0" branch-rate="1.0" complexity="19.0" name="com/ancestry/search/services/displaymetadata/providers/SearchMetadataSettings" filename="com/ancestry/search/services/displaymetadata/providers/SearchMetadataSettings.java">
               <methods>
                  <method line-rate="1.0" branch-rate="1.0" complexity="2.0" name="&lt;init&gt;" signature="(Lcom/ancestry/search/services/common/settings/Settings;)V">
                     <lines>
                        <line number="36" hits="1" branch="false"/>
                        <line number="37" hits="1" branch="true" condition-coverage="100% (2/2)">
                           <conditions class="java.util.Collections$SingletonList">
                              <condition number="0" type="jump" coverage="100%"/>
                           </conditions>
                        </line>
                        <line number="38" hits="1" branch="false"/>
                        <line number="39" hits="1" branch="false"/>
                     </lines>
                  </method>
                  <method line-rate="1.0" branch-rate="0.0" complexity="1.0" name="createInstance" signature="(Lcom/ancestry/search/services/common/settings/Settings;Lcom/ancestry/search/services/displaymetadata/providers/SearchMetadataSettings$CredentialsSource;)Lcom/ancestry/search/services/displaymetadata/providers/SearchMetadataSettings;">
                     <lines>
                        <line number="42" hits="1" branch="false"/>
                        <line number="43" hits="1" branch="false"/>
                        <line number="44" hits="1" branch="false"/>
                     </lines>
                  </method>
                  <method line-rate="1.0" branch-rate="1.0" complexity="5.0" name="initialize" signature="(Lcom/ancestry/search/services/common/settings/Settings;Lcom/ancestry/search/services/displaymetadata/providers/SearchMetadataSettings$CredentialsSource;)V">
                     <lines>
                        <line number="48" hits="1" branch="false"/>
                        <line number="49" hits="1" branch="true" condition-coverage="100% (2/2)">
                           <conditions class="java.util.Collections$SingletonList">
                              <condition number="0" type="jump" coverage="100%"/>
                           </conditions>
                        </line>
                        <line number="50" hits="1" branch="false"/>
                        <line number="53" hits="1" branch="false"/>
                        <line number="55" hits="1" branch="true" condition-coverage="100% (2/2)">
                           <conditions class="java.util.Collections$SingletonList">
                              <condition number="0" type="jump" coverage="100%"/>
                           </conditions>
                        </line>
                        <line number="56" hits="1" branch="false"/>
                        <line number="57" hits="1" branch="false"/>
                        <line number="59" hits="1" branch="true" condition-coverage="100% (2/2)">
                           <conditions class="java.util.Collections$SingletonList">
                              <condition number="0" type="jump" coverage="100%"/>
                           </conditions>
                        </line>
                        <line number="60" hits="1" branch="true" condition-coverage="100% (2/2)">
                           <conditions class="java.util.Collections$SingletonList">
                              <condition number="0" type="jump" coverage="100%"/>
                           </conditions>
                        </line>
                        <line number="61" hits="1" branch="false"/>
                        <line number="63" hits="1" branch="false"/>
                        <line number="64" hits="1" branch="false"/>
                        <line number="65" hits="1" branch="false"/>
                        <line number="66" hits="1" branch="false"/>
                        <line number="67" hits="1" branch="false"/>
                        <line number="68" hits="1" branch="false"/>
                        <line number="69" hits="1" branch="false"/>
                        <line number="71" hits="1" branch="false"/>
                        <line number="72" hits="1" branch="false"/>
                        <line number="75" hits="1" branch="false"/>
                     </lines>
                  </method>
                  <method line-rate="1.0" branch-rate="1.0" complexity="6.0" name="fetchDbCredentials" signature="(Ljava/lang/String;)Ljava/util/Map;">
                     <lines>
                        <line number="78" hits="1" branch="false"/>
                        <line number="79" hits="1" branch="false"/>
                        <line number="80" hits="1" branch="false"/>
                        <line number="81" hits="1" branch="false"/>
                        <line number="82" hits="1" branch="false"/>
                        <line number="83" hits="1" branch="false"/>
                        <line number="85" hits="1" branch="false"/>
                        <line number="86" hits="1" branch="false"/>
                        <line number="87" hits="1" branch="false"/>
                        <line number="88" hits="1" branch="false"/>
                        <line number="89" hits="1" branch="true" condition-coverage="100% (2/2)">
                           <conditions class="java.util.Collections$SingletonList">
                              <condition number="0" type="jump" coverage="100%"/>
                           </conditions>
                        </line>
                        <line number="90" hits="1" branch="false"/>
                        <line number="91" hits="1" branch="true" condition-coverage="100% (2/2)">
                           <conditions class="java.util.Collections$SingletonList">
                              <condition number="0" type="jump" coverage="100%"/>
                           </conditions>
                        </line>
                        <line number="92" hits="1" branch="false"/>
                        <line number="94" hits="1" branch="false"/>
                        <line number="95" hits="1" branch="true" condition-coverage="100% (2/2)">
                           <conditions class="java.util.Collections$SingletonList">
                              <condition number="0" type="jump" coverage="100%"/>
                           </conditions>
                        </line>
                        <line number="96" hits="1" branch="false"/>
                        <line number="98" hits="1" branch="false"/>
                        <line number="99" hits="1" branch="false"/>
                        <line number="100" hits="1" branch="true" condition-coverage="100% (4/4)">
                           <conditions class="java.util.Collections$SingletonList">
                              <condition number="0" type="jump" coverage="100%"/>
                           </conditions>
                        </line>
                        <line number="101" hits="1" branch="false"/>
                        <line number="104" hits="1" branch="false"/>
                     </lines>
                  </method>
                  <method line-rate="1.0" branch-rate="0.0" complexity="1.0" name="getServer" signature="()Ljava/lang/String;">
                     <lines>
                        <line number="108" hits="1" branch="false"/>
                     </lines>
                  </method>
                  <method line-rate="1.0" branch-rate="0.0" complexity="1.0" name="getDatabase" signature="()Ljava/lang/String;">
                     <lines>
                        <line number="112" hits="1" branch="false"/>
                     </lines>
                  </method>
                  <method line-rate="1.0" branch-rate="0.0" complexity="1.0" name="getUserName" signature="()Ljava/lang/String;">
                     <lines>
                        <line number="116" hits="1" branch="false"/>
                     </lines>
                  </method>
                  <method line-rate="1.0" branch-rate="0.0" complexity="1.0" name="getPassword" signature="()Ljava/lang/String;">
                     <lines>
                        <line number="120" hits="1" branch="false"/>
                     </lines>
                  </method>
                  <method line-rate="1.0" branch-rate="0.0" complexity="1.0" name="&lt;clinit&gt;" signature="()V">
                     <lines>
                        <line number="13" hits="1" branch="false"/>
                     </lines>
                  </method>
               </methods>
            </class>
            <class line-rate="0.0" branch-rate="0.0" complexity="0.0" name="com/ancestry/search/services/displaymetadata/providers/GravityAccessAction" filename="com/ancestry/search/services/displaymetadata/providers/GravityAccessAction.java">
               <methods/>
            </class>
            <class line-rate="0.0" branch-rate="0.0" complexity="0.0" name="com/ancestry/search/services/displaymetadata/providers/SearchMetadataAction" filename="com/ancestry/search/services/displaymetadata/providers/SearchMetadataAction.java">
               <methods/>
            </class>
            <class line-rate="1.0" branch-rate="1.0" complexity="5.0" name="com/ancestry/search/services/displaymetadata/providers/GravityAccess" filename="com/ancestry/search/services/displaymetadata/providers/GravityAccess.java">
               <methods>
                  <method line-rate="1.0" branch-rate="0.0" complexity="1.0" name="&lt;init&gt;" signature="(Lcom/ancestry/search/services/stdlib/docstore/fnametofdid/FieldNameToFDIDFactory;)V">
                     <lines>
                        <line number="21" hits="1" branch="false"/>
                        <line number="22" hits="1" branch="false"/>
                        <line number="24" hits="1" branch="false"/>
                        <line number="25" hits="1" branch="false"/>
                        <line number="26" hits="1" branch="false"/>
                     </lines>
                  </method>
                  <method line-rate="1.0" branch-rate="1.0" complexity="3.0" name="getFieldNameToFDIDMapper" signature="(I)Lcom/ancestry/search/services/stdlib/docstore/fnametofdid/FieldNameToFDIDMapper;">
                     <lines>
                        <line number="31" hits="1" branch="true" condition-coverage="100% (2/2)">
                           <conditions class="java.util.Collections$SingletonList">
                              <condition number="0" type="jump" coverage="100%"/>
                           </conditions>
                        </line>
                        <line number="32" hits="1" branch="false"/>
                        <line number="35" hits="1" branch="false"/>
                        <line number="37" hits="1" branch="false"/>
                        <line number="38" hits="1" branch="false"/>
                        <line number="39" hits="1" branch="false"/>
                        <line number="40" hits="1" branch="true" condition-coverage="100% (2/2)">
                           <conditions class="java.util.Collections$SingletonList">
                              <condition number="0" type="jump" coverage="100%"/>
                           </conditions>
                        </line>
                        <line number="41" hits="1" branch="false"/>
                        <line number="42" hits="1" branch="false"/>
                        <line number="43" hits="1" branch="false"/>
                        <line number="44" hits="1" branch="false"/>
                        <line number="46" hits="1" branch="false"/>
                        <line number="48" hits="1" branch="false"/>
                     </lines>
                  </method>
                  <method line-rate="1.0" branch-rate="0.0" complexity="1.0" name="&lt;clinit&gt;" signature="()V">
                     <lines>
                        <line number="16" hits="1" branch="false"/>
                     </lines>
                  </method>
               </methods>
            </class>
            <class line-rate="1.0" branch-rate="0.0" complexity="1.0" name="com/ancestry/search/services/displaymetadata/providers/SearchMetadataSettings$CredentialsSource" filename="com/ancestry/search/services/displaymetadata/providers/SearchMetadataSettings.java">
               <methods>
                  <method line-rate="1.0" branch-rate="0.0" complexity="1.0" name="&lt;clinit&gt;" signature="()V">
                     <lines>
                        <line number="17" hits="1" branch="false"/>
                     </lines>
                  </method>
               </methods>
            </class>
         </classes>
      </package>
   </packages>
</coverage>