<?xml version="1.0" ?>
<!DOCTYPE coverage SYSTEM "http://cobertura.sourceforge.net/xml/coverage-04.dtd">
<coverage lines-valid="4" lines-covered="3" line-rate="0.75" branches-valid="0" branches-covered="0" branch-rate="1" timestamp="1597153412373" complexity="0" version="0.1">
  <sources>
    <source>/Users/sauravsrijan/work/tcv-resources/jest-test-coverage</source>
  </sources>
  <packages>
    <class name="sum.js" filename="sum.js" line-rate="0.75" branch-rate="1">
      <methods>
        <method name="sum" hits="1" signature="()V">
          <lines>
            <line number="1" hits="1"/>
          </lines>
        </method>
        <method name="differ" hits="0" signature="()V">
          <lines>
            <line number="7" hits="0"/>
          </lines>
        </method>
      </methods>
      <lines>
        <line number="2" hits="1" branch="false"/>
        <line number="3" hits="1" branch="false"/>
        <line number="8" hits="0" branch="false"/>
        <line number="11" hits="1" branch="false"/>
      </lines>
    </class>
  </packages>
</coverage>
