<?xml version="1.0" encoding="UTF-8"?>
<!DOCTYPE coverage SYSTEM "http://cobertura.sourceforge.net/xml/coverage-04.dtd">
<coverage line-rate="0.19354838709677" branch-rate="0" lines-covered="48" lines-valid="248" branches-covered="0" branches-valid="0" complexity="66" version="0.4" timestamp="1636453582">
  <sources>
    <source>/Users/ishan/Code/marvin-php/src</source>
  </sources>
  <packages>
    <package name="" line-rate="0" branch-rate="0" complexity="4">
      <classes>
        <class name="MarvinPHP\AnalysisConfig" filename="AnalysisConfig.php" line-rate="0" branch-rate="0" complexity="4">
          <methods>
            <method name="__construct" signature="?array $files, ?array $excludePatterns, ?array $excludeFiles, ?array $testFiles, ?array $testPatterns, ?array $analyzerMeta" line-rate="0" branch-rate="0" complexity="1">
              <lines>
                <line number="25" hits="0"/>
                <line number="26" hits="0"/>
                <line number="27" hits="0"/>
                <line number="28" hits="0"/>
                <line number="29" hits="0"/>
                <line number="30" hits="0"/>
                <line number="31" hits="0"/>
              </lines>
            </method>
            <method name="loadConfig" signature="" line-rate="0" branch-rate="0" complexity="3">
              <lines>
                <line number="36" hits="0"/>
                <line number="37" hits="0"/>
                <line number="39" hits="0"/>
                <line number="41" hits="0"/>
                <line number="42" hits="0"/>
                <line number="43" hits="0"/>
                <line number="47" hits="0"/>
                <line number="48" hits="0"/>
                <line number="49" hits="0"/>
                <line number="50" hits="0"/>
                <line number="51" hits="0"/>
                <line number="52" hits="0"/>
                <line number="53" hits="0"/>
              </lines>
            </method>
          </methods>
          <lines>
            <line number="25" hits="0"/>
            <line number="26" hits="0"/>
            <line number="27" hits="0"/>
            <line number="28" hits="0"/>
            <line number="29" hits="0"/>
            <line number="30" hits="0"/>
            <line number="31" hits="0"/>
            <line number="36" hits="0"/>
            <line number="37" hits="0"/>
            <line number="39" hits="0"/>
            <line number="41" hits="0"/>
            <line number="42" hits="0"/>
            <line number="43" hits="0"/>
            <line number="47" hits="0"/>
            <line number="48" hits="0"/>
            <line number="49" hits="0"/>
            <line number="50" hits="0"/>
            <line number="51" hits="0"/>
            <line number="52" hits="0"/>
            <line number="53" hits="0"/>
          </lines>
        </class>
      </classes>
    </package>
    <package name="" line-rate="0" branch-rate="0" complexity="2">
      <classes>
        <class name="MarvinPHP\AnalysisError" filename="AnalysisError.php" line-rate="0" branch-rate="0" complexity="2">
          <methods>
            <method name="__construct" signature="string $hMessage, int $level" line-rate="0" branch-rate="0" complexity="1">
              <lines>
                <line number="14" hits="0"/>
                <line number="15" hits="0"/>
                <line number="16" hits="0"/>
              </lines>
            </method>
            <method name="jsonSerialize" signature="" line-rate="0" branch-rate="0" complexity="1">
              <lines>
                <line number="21" hits="0"/>
                <line number="22" hits="0"/>
              </lines>
            </method>
          </methods>
          <lines>
            <line number="14" hits="0"/>
            <line number="15" hits="0"/>
            <line number="16" hits="0"/>
            <line number="21" hits="0"/>
            <line number="22" hits="0"/>
          </lines>
        </class>
      </classes>
    </package>
    <package name="" line-rate="0" branch-rate="0" complexity="25">
      <classes>
        <class name="MarvinPHP\Analyzer" filename="Analyzer.php" line-rate="0" branch-rate="0" complexity="25">
          <methods>
            <method name="__construct" signature="" line-rate="0" branch-rate="0" complexity="1">
              <lines>
                <line number="19" hits="0"/>
                <line number="20" hits="0"/>
                <line number="22" hits="0"/>
                <line number="23" hits="0"/>
              </lines>
            </method>
            <method name="configure" signature="" line-rate="0" branch-rate="0" complexity="1">
              <lines>
                <line number="28" hits="0"/>
              </lines>
            </method>
            <method name="analyze" signature="" line-rate="0" branch-rate="0" complexity="5">
              <lines>
                <line number="40" hits="0"/>
                <line number="42" hits="0"/>
                <line number="48" hits="0"/>
                <line number="49" hits="0"/>
                <line number="50" hits="0"/>
                <line number="51" hits="0"/>
                <line number="52" hits="0"/>
                <line number="53" hits="0"/>
                <line number="54" hits="0"/>
                <line number="57" hits="0"/>
                <line number="60" hits="0"/>
                <line number="61" hits="0"/>
                <line number="62" hits="0"/>
                <line number="63" hits="0"/>
                <line number="64" hits="0"/>
                <line number="65" hits="0"/>
                <line number="69" hits="0"/>
                <line number="71" hits="0"/>
                <line number="72" hits="0"/>
                <line number="73" hits="0"/>
                <line number="74" hits="0"/>
                <line number="75" hits="0"/>
                <line number="76" hits="0"/>
                <line number="80" hits="0"/>
                <line number="81" hits="0"/>
                <line number="82" hits="0"/>
                <line number="83" hits="0"/>
                <line number="84" hits="0"/>
                <line number="85" hits="0"/>
                <line number="89" hits="0"/>
                <line number="90" hits="0"/>
                <line number="91" hits="0"/>
                <line number="92" hits="0"/>
                <line number="93" hits="0"/>
                <line number="95" hits="0"/>
              </lines>
            </method>
            <method name="runPHPStan" signature="MarvinPHP\AnalysisConfig $analysisConfig" line-rate="0" branch-rate="0" complexity="9">
              <lines>
                <line number="108" hits="0"/>
                <line number="114" hits="0"/>
                <line number="115" hits="0"/>
                <line number="116" hits="0"/>
                <line number="119" hits="0"/>
                <line number="120" hits="0"/>
                <line number="122" hits="0"/>
                <line number="123" hits="0"/>
                <line number="126" hits="0"/>
                <line number="127" hits="0"/>
                <line number="131" hits="0"/>
                <line number="132" hits="0"/>
                <line number="133" hits="0"/>
                <line number="134" hits="0"/>
                <line number="135" hits="0"/>
                <line number="139" hits="0"/>
                <line number="141" hits="0"/>
                <line number="142" hits="0"/>
                <line number="147" hits="0"/>
                <line number="148" hits="0"/>
                <line number="150" hits="0"/>
                <line number="151" hits="0"/>
                <line number="152" hits="0"/>
                <line number="155" hits="0"/>
                <line number="174" hits="0"/>
                <line number="175" hits="0"/>
                <line number="176" hits="0"/>
                <line number="177" hits="0"/>
                <line number="178" hits="0"/>
                <line number="183" hits="0"/>
                <line number="187" hits="0"/>
                <line number="188" hits="0"/>
                <line number="189" hits="0"/>
                <line number="193" hits="0"/>
                <line number="194" hits="0"/>
                <line number="195" hits="0"/>
                <line number="196" hits="0"/>
                <line number="198" hits="0"/>
              </lines>
            </method>
            <method name="cleanResult" signature="array $analysisResult" line-rate="0" branch-rate="0" complexity="7">
              <lines>
                <line number="206" hits="0"/>
                <line number="208" hits="0"/>
                <line number="209" hits="0"/>
                <line number="210" hits="0"/>
                <line number="211" hits="0"/>
                <line number="212" hits="0"/>
                <line number="213" hits="0"/>
                <line number="216" hits="0"/>
                <line number="217" hits="0"/>
                <line number="219" hits="0"/>
                <line number="220" hits="0"/>
                <line number="221" hits="0"/>
                <line number="222" hits="0"/>
                <line number="225" hits="0"/>
                <line number="226" hits="0"/>
                <line number="227" hits="0"/>
                <line number="230" hits="0"/>
                <line number="233" hits="0"/>
                <line number="234" hits="0"/>
                <line number="235" hits="0"/>
                <line number="236" hits="0"/>
                <line number="238" hits="0"/>
                <line number="242" hits="0"/>
                <line number="243" hits="0"/>
                <line number="244" hits="0"/>
                <line number="245" hits="0"/>
                <line number="246" hits="0"/>
                <line number="251" hits="0"/>
                <line number="252" hits="0"/>
                <line number="253" hits="0"/>
                <line number="257" hits="0"/>
                <line number="260" hits="0"/>
              </lines>
            </method>
            <method name="publishResult" signature="MarvinPHP\Result $result" line-rate="0" branch-rate="0" complexity="2">
              <lines>
                <line number="268" hits="0"/>
                <line number="269" hits="0"/>
                <line number="270" hits="0"/>
                <line number="273" hits="0"/>
                <line number="274" hits="0"/>
                <line number="275" hits="0"/>
                <line number="277" hits="0"/>
                <line number="279" hits="0"/>
                <line number="280" hits="0"/>
                <line number="282" hits="0"/>
              </lines>
            </method>
          </methods>
          <lines>
            <line number="19" hits="0"/>
            <line number="20" hits="0"/>
            <line number="22" hits="0"/>
            <line number="23" hits="0"/>
            <line number="28" hits="0"/>
            <line number="40" hits="0"/>
            <line number="42" hits="0"/>
            <line number="48" hits="0"/>
            <line number="49" hits="0"/>
            <line number="50" hits="0"/>
            <line number="51" hits="0"/>
            <line number="52" hits="0"/>
            <line number="53" hits="0"/>
            <line number="54" hits="0"/>
            <line number="57" hits="0"/>
            <line number="60" hits="0"/>
            <line number="61" hits="0"/>
            <line number="62" hits="0"/>
            <line number="63" hits="0"/>
            <line number="64" hits="0"/>
            <line number="65" hits="0"/>
            <line number="69" hits="0"/>
            <line number="71" hits="0"/>
            <line number="72" hits="0"/>
            <line number="73" hits="0"/>
            <line number="74" hits="0"/>
            <line number="75" hits="0"/>
            <line number="76" hits="0"/>
            <line number="80" hits="0"/>
            <line number="81" hits="0"/>
            <line number="82" hits="0"/>
            <line number="83" hits="0"/>
            <line number="84" hits="0"/>
            <line number="85" hits="0"/>
            <line number="89" hits="0"/>
            <line number="90" hits="0"/>
            <line number="91" hits="0"/>
            <line number="92" hits="0"/>
            <line number="93" hits="0"/>
            <line number="95" hits="0"/>
            <line number="108" hits="0"/>
            <line number="114" hits="0"/>
            <line number="115" hits="0"/>
            <line number="116" hits="0"/>
            <line number="119" hits="0"/>
            <line number="120" hits="0"/>
            <line number="122" hits="0"/>
            <line number="123" hits="0"/>
            <line number="126" hits="0"/>
            <line number="127" hits="0"/>
            <line number="131" hits="0"/>
            <line number="132" hits="0"/>
            <line number="133" hits="0"/>
            <line number="134" hits="0"/>
            <line number="135" hits="0"/>
            <line number="139" hits="0"/>
            <line number="141" hits="0"/>
            <line number="142" hits="0"/>
            <line number="147" hits="0"/>
            <line number="148" hits="0"/>
            <line number="150" hits="0"/>
            <line number="151" hits="0"/>
            <line number="152" hits="0"/>
            <line number="155" hits="0"/>
            <line number="174" hits="0"/>
            <line number="175" hits="0"/>
            <line number="176" hits="0"/>
            <line number="177" hits="0"/>
            <line number="178" hits="0"/>
            <line number="183" hits="0"/>
            <line number="187" hits="0"/>
            <line number="188" hits="0"/>
            <line number="189" hits="0"/>
            <line number="193" hits="0"/>
            <line number="194" hits="0"/>
            <line number="195" hits="0"/>
            <line number="196" hits="0"/>
            <line number="198" hits="0"/>
            <line number="206" hits="0"/>
            <line number="208" hits="0"/>
            <line number="209" hits="0"/>
            <line number="210" hits="0"/>
            <line number="211" hits="0"/>
            <line number="212" hits="0"/>
            <line number="213" hits="0"/>
            <line number="216" hits="0"/>
            <line number="217" hits="0"/>
            <line number="219" hits="0"/>
            <line number="220" hits="0"/>
            <line number="221" hits="0"/>
            <line number="222" hits="0"/>
            <line number="225" hits="0"/>
            <line number="226" hits="0"/>
            <line number="227" hits="0"/>
            <line number="230" hits="0"/>
            <line number="233" hits="0"/>
            <line number="234" hits="0"/>
            <line number="235" hits="0"/>
            <line number="236" hits="0"/>
            <line number="238" hits="0"/>
            <line number="242" hits="0"/>
            <line number="243" hits="0"/>
            <line number="244" hits="0"/>
            <line number="245" hits="0"/>
            <line number="246" hits="0"/>
            <line number="251" hits="0"/>
            <line number="252" hits="0"/>
            <line number="253" hits="0"/>
            <line number="257" hits="0"/>
            <line number="260" hits="0"/>
            <line number="268" hits="0"/>
            <line number="269" hits="0"/>
            <line number="270" hits="0"/>
            <line number="273" hits="0"/>
            <line number="274" hits="0"/>
            <line number="275" hits="0"/>
            <line number="277" hits="0"/>
            <line number="279" hits="0"/>
            <line number="280" hits="0"/>
            <line number="282" hits="0"/>
          </lines>
        </class>
      </classes>
    </package>
    <package name="" line-rate="0" branch-rate="0" complexity="2">
      <classes>
        <class name="MarvinPHP\Coordinate" filename="Coordinate.php" line-rate="0" branch-rate="0" complexity="2">
          <methods>
            <method name="__construct" signature="int $line, int $column" line-rate="0" branch-rate="0" complexity="1">
              <lines>
                <line number="14" hits="0"/>
                <line number="15" hits="0"/>
                <line number="16" hits="0"/>
              </lines>
            </method>
            <method name="jsonSerialize" signature="" line-rate="0" branch-rate="0" complexity="1">
              <lines>
                <line number="21" hits="0"/>
                <line number="22" hits="0"/>
              </lines>
            </method>
          </methods>
          <lines>
            <line number="14" hits="0"/>
            <line number="15" hits="0"/>
            <line number="16" hits="0"/>
            <line number="21" hits="0"/>
            <line number="22" hits="0"/>
          </lines>
        </class>
      </classes>
    </package>
    <package name="" line-rate="0" branch-rate="0" complexity="2">
      <classes>
        <class name="MarvinPHP\Issue" filename="Issue.php" line-rate="0" branch-rate="0" complexity="2">
          <methods>
            <method name="__construct" signature="string $issueCode, string $issueText, MarvinPHP\Location $location" line-rate="0" branch-rate="0" complexity="1">
              <lines>
                <line number="17" hits="0"/>
                <line number="18" hits="0"/>
                <line number="19" hits="0"/>
                <line number="20" hits="0"/>
              </lines>
            </method>
            <method name="jsonSerialize" signature="" line-rate="0" branch-rate="0" complexity="1">
              <lines>
                <line number="25" hits="0"/>
                <line number="26" hits="0"/>
                <line number="27" hits="0"/>
              </lines>
            </method>
          </methods>
          <lines>
            <line number="17" hits="0"/>
            <line number="18" hits="0"/>
            <line number="19" hits="0"/>
            <line number="20" hits="0"/>
            <line number="25" hits="0"/>
            <line number="26" hits="0"/>
            <line number="27" hits="0"/>
          </lines>
        </class>
      </classes>
    </package>
    <package name="" line-rate="0" branch-rate="0" complexity="2">
      <classes>
        <class name="MarvinPHP\Location" filename="Location.php" line-rate="0" branch-rate="0" complexity="2">
          <methods>
            <method name="__construct" signature="string $path, MarvinPHP\Position $position" line-rate="0" branch-rate="0" complexity="1">
              <lines>
                <line number="14" hits="0"/>
                <line number="15" hits="0"/>
                <line number="16" hits="0"/>
              </lines>
            </method>
            <method name="jsonSerialize" signature="" line-rate="0" branch-rate="0" complexity="1">
              <lines>
                <line number="21" hits="0"/>
                <line number="22" hits="0"/>
              </lines>
            </method>
          </methods>
          <lines>
            <line number="14" hits="0"/>
            <line number="15" hits="0"/>
            <line number="16" hits="0"/>
            <line number="21" hits="0"/>
            <line number="22" hits="0"/>
          </lines>
        </class>
      </classes>
    </package>
    <package name="" line-rate="0" branch-rate="0" complexity="3">
      <classes>
        <class name="MarvinPHP\Metric" filename="Metric.php" line-rate="0" branch-rate="0" complexity="3">
          <methods>
            <method name="__construct" signature="string $metricCode, array $namespaces" line-rate="0" branch-rate="0" complexity="1">
              <lines>
                <line number="16" hits="0"/>
                <line number="17" hits="0"/>
                <line number="18" hits="0"/>
              </lines>
            </method>
            <method name="jsonSerialize" signature="" line-rate="0" branch-rate="0" complexity="2">
              <lines>
                <line number="22" hits="0"/>
                <line number="23" hits="0"/>
                <line number="24" hits="0"/>
                <line number="28" hits="0"/>
                <line number="29" hits="0"/>
              </lines>
            </method>
          </methods>
          <lines>
            <line number="16" hits="0"/>
            <line number="17" hits="0"/>
            <line number="18" hits="0"/>
            <line number="22" hits="0"/>
            <line number="23" hits="0"/>
            <line number="24" hits="0"/>
            <line number="28" hits="0"/>
            <line number="29" hits="0"/>
          </lines>
        </class>
      </classes>
    </package>
    <package name="" line-rate="0.92307692307692" branch-rate="0" complexity="17">
      <classes>
        <class name="MarvinPHP\PhpstanConfig" filename="PhpstanConfig.php" line-rate="0.92307692307692" branch-rate="0" complexity="17">
          <methods>
            <method name="create" signature="MarvinPHP\AnalysisConfig $analysisConfig" line-rate="0.81818181818182" branch-rate="0" complexity="2">
              <lines>
                <line number="29" hits="2"/>
                <line number="31" hits="2"/>
                <line number="33" hits="2"/>
                <line number="34" hits="2"/>
                <line number="37" hits="2"/>
                <line number="38" hits="2"/>
                <line number="41" hits="2"/>
                <line number="42" hits="2"/>
                <line number="43" hits="0"/>
                <line number="44" hits="0"/>
                <line number="46" hits="2"/>
              </lines>
            </method>
            <method name="getScanDirectories" signature="" line-rate="1" branch-rate="0" complexity="2">
              <lines>
                <line number="50" hits="2"/>
                <line number="52" hits="2"/>
                <line number="64" hits="2"/>
                <line number="65" hits="2"/>
                <line number="66" hits="2"/>
                <line number="67" hits="2"/>
                <line number="68" hits="2"/>
                <line number="69" hits="2"/>
                <line number="73" hits="2"/>
              </lines>
            </method>
            <method name="mergeWithUserConfig" signature="array $config" line-rate="0.95" branch-rate="0" complexity="8">
              <lines>
                <line number="82" hits="2"/>
                <line number="83" hits="2"/>
                <line number="85" hits="2"/>
                <line number="86" hits="2"/>
                <line number="87" hits="2"/>
                <line number="89" hits="2"/>
                <line number="90" hits="1"/>
                <line number="93" hits="2"/>
                <line number="94" hits="2"/>
                <line number="98" hits="2"/>
                <line number="99" hits="0"/>
                <line number="103" hits="2"/>
                <line number="104" hits="2"/>
                <line number="108" hits="2"/>
                <line number="109" hits="2"/>
                <line number="110" hits="1"/>
                <line number="113" hits="2"/>
                <line number="116" hits="2"/>
                <line number="117" hits="1"/>
                <line number="120" hits="2"/>
              </lines>
            </method>
            <method name="filterIncludes" signature="array $includes" line-rate="0.91666666666667" branch-rate="0" complexity="5">
              <lines>
                <line number="125" hits="1"/>
                <line number="126" hits="1"/>
                <line number="128" hits="1"/>
                <line number="129" hits="0"/>
                <line number="130" hits="1"/>
                <line number="131" hits="1"/>
                <line number="134" hits="1"/>
                <line number="135" hits="1"/>
                <line number="137" hits="1"/>
                <line number="140" hits="1"/>
                <line number="143" hits="1"/>
                <line number="145" hits="1"/>
              </lines>
            </method>
          </methods>
          <lines>
            <line number="29" hits="2"/>
            <line number="31" hits="2"/>
            <line number="33" hits="2"/>
            <line number="34" hits="2"/>
            <line number="37" hits="2"/>
            <line number="38" hits="2"/>
            <line number="41" hits="2"/>
            <line number="42" hits="2"/>
            <line number="43" hits="0"/>
            <line number="44" hits="0"/>
            <line number="46" hits="2"/>
            <line number="50" hits="2"/>
            <line number="52" hits="2"/>
            <line number="64" hits="2"/>
            <line number="65" hits="2"/>
            <line number="66" hits="2"/>
            <line number="67" hits="2"/>
            <line number="68" hits="2"/>
            <line number="69" hits="2"/>
            <line number="73" hits="2"/>
            <line number="82" hits="2"/>
            <line number="83" hits="2"/>
            <line number="85" hits="2"/>
            <line number="86" hits="2"/>
            <line number="87" hits="2"/>
            <line number="89" hits="2"/>
            <line number="90" hits="1"/>
            <line number="93" hits="2"/>
            <line number="94" hits="2"/>
            <line number="98" hits="2"/>
            <line number="99" hits="0"/>
            <line number="103" hits="2"/>
            <line number="104" hits="2"/>
            <line number="108" hits="2"/>
            <line number="109" hits="2"/>
            <line number="110" hits="1"/>
            <line number="113" hits="2"/>
            <line number="116" hits="2"/>
            <line number="117" hits="1"/>
            <line number="120" hits="2"/>
            <line number="125" hits="1"/>
            <line number="126" hits="1"/>
            <line number="128" hits="1"/>
            <line number="129" hits="0"/>
            <line number="130" hits="1"/>
            <line number="131" hits="1"/>
            <line number="134" hits="1"/>
            <line number="135" hits="1"/>
            <line number="137" hits="1"/>
            <line number="140" hits="1"/>
            <line number="143" hits="1"/>
            <line number="145" hits="1"/>
          </lines>
        </class>
      </classes>
    </package>
    <package name="" line-rate="0" branch-rate="0" complexity="2">
      <classes>
        <class name="MarvinPHP\Position" filename="Position.php" line-rate="0" branch-rate="0" complexity="2">
          <methods>
            <method name="__construct" signature="MarvinPHP\Coordinate $begin, MarvinPHP\Coordinate $end" line-rate="0" branch-rate="0" complexity="1">
              <lines>
                <line number="14" hits="0"/>
                <line number="15" hits="0"/>
                <line number="16" hits="0"/>
              </lines>
            </method>
            <method name="jsonSerialize" signature="" line-rate="0" branch-rate="0" complexity="1">
              <lines>
                <line number="21" hits="0"/>
                <line number="22" hits="0"/>
              </lines>
            </method>
          </methods>
          <lines>
            <line number="14" hits="0"/>
            <line number="15" hits="0"/>
            <line number="16" hits="0"/>
            <line number="21" hits="0"/>
            <line number="22" hits="0"/>
          </lines>
        </class>
      </classes>
    </package>
    <package name="" line-rate="0" branch-rate="0" complexity="5">
      <classes>
        <class name="MarvinPHP\Result" filename="Result.php" line-rate="0" branch-rate="0" complexity="5">
          <methods>
            <method name="__construct" signature="" line-rate="0" branch-rate="0" complexity="1">
              <lines>
                <line number="20" hits="0"/>
                <line number="21" hits="0"/>
                <line number="22" hits="0"/>
                <line number="23" hits="0"/>
              </lines>
            </method>
            <method name="jsonSerialize" signature="" line-rate="0" branch-rate="0" complexity="4">
              <lines>
                <line number="27" hits="0"/>
                <line number="28" hits="0"/>
                <line number="29" hits="0"/>
                <line number="31" hits="0"/>
                <line number="32" hits="0"/>
                <line number="35" hits="0"/>
                <line number="36" hits="0"/>
                <line number="39" hits="0"/>
                <line number="40" hits="0"/>
                <line number="44" hits="0"/>
                <line number="45" hits="0"/>
                <line number="46" hits="0"/>
              </lines>
            </method>
          </methods>
          <lines>
            <line number="20" hits="0"/>
            <line number="21" hits="0"/>
            <line number="22" hits="0"/>
            <line number="23" hits="0"/>
            <line number="27" hits="0"/>
            <line number="28" hits="0"/>
            <line number="29" hits="0"/>
            <line number="31" hits="0"/>
            <line number="32" hits="0"/>
            <line number="35" hits="0"/>
            <line number="36" hits="0"/>
            <line number="39" hits="0"/>
            <line number="40" hits="0"/>
            <line number="44" hits="0"/>
            <line number="45" hits="0"/>
            <line number="46" hits="0"/>
          </lines>
        </class>
      </classes>
    </package>
    <package name="" line-rate="0" branch-rate="0" complexity="2">
      <classes>
        <class name="MarvinPHP\_Namespace" filename="_Namespace.php" line-rate="0" branch-rate="0" complexity="2">
          <methods>
            <method name="__construct" signature="string $key, float $value" line-rate="0" branch-rate="0" complexity="1">
              <lines>
                <line number="15" hits="0"/>
                <line number="16" hits="0"/>
                <line number="17" hits="0"/>
              </lines>
            </method>
            <method name="jsonSerialize" signature="" line-rate="0" branch-rate="0" complexity="1">
              <lines>
                <line number="22" hits="0"/>
                <line number="23" hits="0"/>
              </lines>
            </method>
          </methods>
          <lines>
            <line number="15" hits="0"/>
            <line number="16" hits="0"/>
            <line number="17" hits="0"/>
            <line number="22" hits="0"/>
            <line number="23" hits="0"/>
          </lines>
        </class>
      </classes>
    </package>
  </packages>
</coverage>
